Arguments: 
  /Users/lilg/.nvm/versions/node/v6.3.1/bin/node /usr/local/bin/yarn add @slack/client

PATH: 
  /Users/lilg/Downloads/google-cloud-sdk/bin:/Users/lilg/.yarn/bin:/Users/lilg/.nvm/versions/node/v6.3.1/bin:/Users/lilg/npm/bin:/usr/bin:/bin:/usr/sbin:/sbin:/usr/local/bin

Yarn version: 
  0.27.5

Node version: 
  6.3.1

Platform: 
  darwin x64

npm manifest: 
  {
    "name": "bubben",
    "version": "0.0.1",
    "description": "Slack bot for Hembevakning",
    "license": "MIT",
    "repository": "GustavPersson/bubben",
    "author": {
      "name": "Gustav Persson",
      "email": "gustav.e.persson@gmail.com"
    },
    "engines": {
      "node": ">=0.10.0"
    },
    "scripts": {
      "test": "xo && ava"
    },
    "files": [
      "index.js"
    ],
    "keywords": [
      ""
    ],
    "dependencies": {
      "redis": "^2.3.1",
    },
    "devDependencies": {
      "ava": "^0.3.0",
      "xo": "^0.10.0"
    },
    "xo": {
      "ignores": [
        "test.js"
      ]
    }
  }

yarn manifest: 
  No manifest

Lockfile: 
  # THIS IS AN AUTOGENERATED FILE. DO NOT EDIT THIS FILE DIRECTLY.
  # yarn lockfile v1
  
  
  acorn-es7-plugin@^1.0.12:
    version "1.1.7"
    resolved "https://npm.modcam.io/acorn-es7-plugin/-/acorn-es7-plugin-1.1.7.tgz#f2ee1f3228a90eead1245f9ab1922eb2e71d336b"
  
  acorn-to-esprima@^1.0.5:
    version "1.0.7"
    resolved "https://npm.modcam.io/acorn-to-esprima/-/acorn-to-esprima-1.0.7.tgz#9436259760098f9ead9b9da2242fab2f4850281b"
  
  acorn@^4.0.0, acorn@^4.0.3:
    version "4.0.13"
    resolved "https://npm.modcam.io/acorn/-/acorn-4.0.13.tgz#105495ae5361d697bd195c825192e1ad7f253787"
  
  agent-base@2:
    version "2.1.1"
    resolved "https://npm.modcam.io/agent-base/-/agent-base-2.1.1.tgz#d6de10d5af6132d5bd692427d46fc538539094c7"
    dependencies:
      extend "~3.0.0"
      semver "~5.0.1"
  
  align-text@^0.1.1, align-text@^0.1.3:
    version "0.1.4"
    resolved "https://npm.modcam.io/align-text/-/align-text-0.1.4.tgz#0cd90a561093f35d0a99256c22b7069433fad117"
    dependencies:
      kind-of "^3.0.2"
      longest "^1.0.1"
      repeat-string "^1.5.2"
  
  alter@~0.2.0:
    version "0.2.0"
    resolved "https://npm.modcam.io/alter/-/alter-0.2.0.tgz#c7588808617572034aae62480af26b1d4d1cb3cd"
    dependencies:
      stable "~0.1.3"
  
  amdefine@>=0.0.4:
    version "1.0.1"
    resolved "https://npm.modcam.io/amdefine/-/amdefine-1.0.1.tgz#4a5282ac164729e93619bcfd3ad151f817ce91f5"
  
  ansi-escapes@^1.1.0:
    version "1.4.0"
    resolved "https://npm.modcam.io/ansi-escapes/-/ansi-escapes-1.4.0.tgz#d3a8a83b319aa67793662b13e761c7911422306e"
  
  ansi-regex@^2.0.0:
    version "2.1.1"
    resolved "https://npm.modcam.io/ansi-regex/-/ansi-regex-2.1.1.tgz#c3b33ab5ee360d86e0e628f0468ae7ef27d654df"
  
  ansi-styles@^2.2.1:
    version "2.2.1"
    resolved "https://npm.modcam.io/ansi-styles/-/ansi-styles-2.2.1.tgz#b432dd3358b634cf75e1e4664368240533c1ddbe"
  
  argparse@^1.0.2:
    version "1.0.9"
    resolved "https://npm.modcam.io/argparse/-/argparse-1.0.9.tgz#73d83bc263f86e97f8cc4f6bae1b0e90a7d22c86"
    dependencies:
      sprintf-js "~1.0.2"
  
  arr-exclude@^1.0.0:
    version "1.0.0"
    resolved "https://npm.modcam.io/arr-exclude/-/arr-exclude-1.0.0.tgz#dfc7c2e552a270723ccda04cf3128c8cbfe5c631"
  
  arr-flatten@^1.0.1:
    version "1.1.0"
    resolved "https://npm.modcam.io/arr-flatten/-/arr-flatten-1.1.0.tgz#36048bbff4e7b47e136644316c99669ea5ae91f1"
  
  array-find-index@^1.0.1:
    version "1.0.2"
    resolved "https://npm.modcam.io/array-find-index/-/array-find-index-1.0.2.tgz#df010aa1287e164bbda6f9723b0a96a1ec4187a1"
  
  array-find@^1.0.0:
    version "1.0.0"
    resolved "https://npm.modcam.io/array-find/-/array-find-1.0.0.tgz#6c8e286d11ed768327f8e62ecee87353ca3e78b8"
  
  array-union@^1.0.1:
    version "1.0.2"
    resolved "https://npm.modcam.io/array-union/-/array-union-1.0.2.tgz#9a34410e4f4e3da23dea375be5be70f24778ec39"
    dependencies:
      array-uniq "^1.0.1"
  
  array-uniq@^1.0.1:
    version "1.0.3"
    resolved "https://npm.modcam.io/array-uniq/-/array-uniq-1.0.3.tgz#af6ac877a25cc7f74e058894753858dfdb24fdb6"
  
  arrify@^1.0.0:
    version "1.0.1"
    resolved "https://npm.modcam.io/arrify/-/arrify-1.0.1.tgz#898508da2226f380df904728456849c1501a4b0d"
  
  ast-traverse@~0.1.1:
    version "0.1.1"
    resolved "https://npm.modcam.io/ast-traverse/-/ast-traverse-0.1.1.tgz#69cf2b8386f19dcda1bb1e05d68fe359d8897de6"
  
  ast-types@0.8.12:
    version "0.8.12"
    resolved "https://npm.modcam.io/ast-types/-/ast-types-0.8.12.tgz#a0d90e4351bb887716c83fd637ebf818af4adfcc"
  
  ast-types@0.8.15:
    version "0.8.15"
    resolved "https://npm.modcam.io/ast-types/-/ast-types-0.8.15.tgz#8eef0827f04dff0ec8857ba925abe3fea6194e52"
  
  ast-types@0.9.6:
    version "0.9.6"
    resolved "https://npm.modcam.io/ast-types/-/ast-types-0.9.6.tgz#102c9e9e9005d3e7e3829bf0c4fa24ee862ee9b9"
  
  async@^1.4.0:
    version "1.5.2"
    resolved "https://npm.modcam.io/async/-/async-1.5.2.tgz#ec6a61ae56480c0c3cb241c95618e20892f9672a"
  
  ava-init@^0.1.0:
    version "0.1.6"
    resolved "https://npm.modcam.io/ava-init/-/ava-init-0.1.6.tgz#ef19ed0b24b6bf359dad6fbadf1a05d836395c91"
    dependencies:
      arr-exclude "^1.0.0"
      cross-spawn "^4.0.0"
      pinkie-promise "^2.0.0"
      read-pkg-up "^1.0.1"
      the-argv "^1.0.0"
      write-pkg "^1.0.0"
  
  ava@^0.3.0:
    version "0.3.0"
    resolved "https://npm.modcam.io/ava/-/ava-0.3.0.tgz#ae0269b636ac2155eea324ca2147bba763a9bd74"
    dependencies:
      arr-flatten "^1.0.1"
      ava-init "^0.1.0"
      babel-core "^5.8.23"
      babel-plugin-espower "^1.0.0"
      bluebird "^2.9.34"
      chalk "^1.0.0"
      co "^4.6.0"
      core-assert "^0.1.0"
      empower "^1.0.2"
      figures "^1.4.0"
      fn-name "^2.0.0"
      globby "^3.0.1"
      is-generator "^1.0.2"
      meow "^3.3.0"
      object-assign "^4.0.1"
      plur "^2.0.0"
      power-assert-formatter "^1.1.0"
      power-assert-renderers "^0.1.0"
      pretty-ms "^2.0.0"
      resolve-from "^1.0.0"
      set-immediate-shim "^1.0.1"
      squeak "^1.2.0"
      update-notifier "^0.5.0"
  
  babel-core@^5.5.8, babel-core@^5.8.23, babel-core@^5.8.33:
    version "5.8.38"
    resolved "https://npm.modcam.io/babel-core/-/babel-core-5.8.38.tgz#1fcaee79d7e61b750b00b8e54f6dfc9d0af86558"
    dependencies:
      babel-plugin-constant-folding "^1.0.1"
      babel-plugin-dead-code-elimination "^1.0.2"
      babel-plugin-eval "^1.0.1"
      babel-plugin-inline-environment-variables "^1.0.1"
      babel-plugin-jscript "^1.0.4"
      babel-plugin-member-expression-literals "^1.0.1"
      babel-plugin-property-literals "^1.0.1"
      babel-plugin-proto-to-assign "^1.0.3"
      babel-plugin-react-constant-elements "^1.0.3"
      babel-plugin-react-display-name "^1.0.3"
      babel-plugin-remove-console "^1.0.1"
      babel-plugin-remove-debugger "^1.0.1"
      babel-plugin-runtime "^1.0.7"
      babel-plugin-undeclared-variables-check "^1.0.2"
      babel-plugin-undefined-to-void "^1.1.6"
      babylon "^5.8.38"
      bluebird "^2.9.33"
      chalk "^1.0.0"
      convert-source-map "^1.1.0"
      core-js "^1.0.0"
      debug "^2.1.1"
      detect-indent "^3.0.0"
      esutils "^2.0.0"
      fs-readdir-recursive "^0.1.0"
      globals "^6.4.0"
      home-or-tmp "^1.0.0"
      is-integer "^1.0.4"
      js-tokens "1.0.1"
      json5 "^0.4.0"
      lodash "^3.10.0"
      minimatch "^2.0.3"
      output-file-sync "^1.1.0"
      path-exists "^1.0.0"
      path-is-absolute "^1.0.0"
      private "^0.1.6"
      regenerator "0.8.40"
      regexpu "^1.3.0"
      repeating "^1.1.2"
      resolve "^1.1.6"
      shebang-regex "^1.0.0"
      slash "^1.0.0"
      source-map "^0.5.0"
      source-map-support "^0.2.10"
      to-fast-properties "^1.0.0"
      trim-right "^1.0.0"
      try-resolve "^1.0.0"
  
  babel-eslint@^4.1.1:
    version "4.1.8"
    resolved "https://npm.modcam.io/babel-eslint/-/babel-eslint-4.1.8.tgz#4f79e7a4f5879ecf03f48cb16f552a355fcc31b2"
    dependencies:
      acorn-to-esprima "^1.0.5"
      babel-core "^5.8.33"
      lodash.assign "^3.2.0"
      lodash.pick "^3.1.0"
  
  babel-plugin-constant-folding@^1.0.1:
    version "1.0.1"
    resolved "https://npm.modcam.io/babel-plugin-constant-folding/-/babel-plugin-constant-folding-1.0.1.tgz#8361d364c98e449c3692bdba51eff0844290aa8e"
  
  babel-plugin-dead-code-elimination@^1.0.2:
    version "1.0.2"
    resolved "https://npm.modcam.io/babel-plugin-dead-code-elimination/-/babel-plugin-dead-code-elimination-1.0.2.tgz#5f7c451274dcd7cccdbfbb3e0b85dd28121f0f65"
  
  babel-plugin-espower@^1.0.0:
    version "1.1.1"
    resolved "https://npm.modcam.io/babel-plugin-espower/-/babel-plugin-espower-1.1.1.tgz#9abf601c2d5b7de03f516fcf0c5e58b232fc0eaf"
    dependencies:
      array-find "^1.0.0"
      escallmatch "^1.4.2"
      espower ">=1.0.0 <1.3.0"
      xtend "^4.0.0"
  
  babel-plugin-eval@^1.0.1:
    version "1.0.1"
    resolved "https://npm.modcam.io/babel-plugin-eval/-/babel-plugin-eval-1.0.1.tgz#a2faed25ce6be69ade4bfec263f70169195950da"
  
  babel-plugin-inline-environment-variables@^1.0.1:
    version "1.0.1"
    resolved "https://npm.modcam.io/babel-plugin-inline-environment-variables/-/babel-plugin-inline-environment-variables-1.0.1.tgz#1f58ce91207ad6a826a8bf645fafe68ff5fe3ffe"
  
  babel-plugin-jscript@^1.0.4:
    version "1.0.4"
    resolved "https://npm.modcam.io/babel-plugin-jscript/-/babel-plugin-jscript-1.0.4.tgz#8f342c38276e87a47d5fa0a8bd3d5eb6ccad8fcc"
  
  babel-plugin-member-expression-literals@^1.0.1:
    version "1.0.1"
    resolved "https://npm.modcam.io/babel-plugin-member-expression-literals/-/babel-plugin-member-expression-literals-1.0.1.tgz#cc5edb0faa8dc927170e74d6d1c02440021624d3"
  
  babel-plugin-property-literals@^1.0.1:
    version "1.0.1"
    resolved "https://npm.modcam.io/babel-plugin-property-literals/-/babel-plugin-property-literals-1.0.1.tgz#0252301900192980b1c118efea48ce93aab83336"
  
  babel-plugin-proto-to-assign@^1.0.3:
    version "1.0.4"
    resolved "https://npm.modcam.io/babel-plugin-proto-to-assign/-/babel-plugin-proto-to-assign-1.0.4.tgz#c49e7afd02f577bc4da05ea2df002250cf7cd123"
    dependencies:
      lodash "^3.9.3"
  
  babel-plugin-react-constant-elements@^1.0.3:
    version "1.0.3"
    resolved "https://npm.modcam.io/babel-plugin-react-constant-elements/-/babel-plugin-react-constant-elements-1.0.3.tgz#946736e8378429cbc349dcff62f51c143b34e35a"
  
  babel-plugin-react-display-name@^1.0.3:
    version "1.0.3"
    resolved "https://npm.modcam.io/babel-plugin-react-display-name/-/babel-plugin-react-display-name-1.0.3.tgz#754fe38926e8424a4e7b15ab6ea6139dee0514fc"
  
  babel-plugin-remove-console@^1.0.1:
    version "1.0.1"
    resolved "https://npm.modcam.io/babel-plugin-remove-console/-/babel-plugin-remove-console-1.0.1.tgz#d8f24556c3a05005d42aaaafd27787f53ff013a7"
  
  babel-plugin-remove-debugger@^1.0.1:
    version "1.0.1"
    resolved "https://npm.modcam.io/babel-plugin-remove-debugger/-/babel-plugin-remove-debugger-1.0.1.tgz#fd2ea3cd61a428ad1f3b9c89882ff4293e8c14c7"
  
  babel-plugin-runtime@^1.0.7:
    version "1.0.7"
    resolved "https://npm.modcam.io/babel-plugin-runtime/-/babel-plugin-runtime-1.0.7.tgz#bf7c7d966dd56ecd5c17fa1cb253c9acb7e54aaf"
  
  babel-plugin-undeclared-variables-check@^1.0.2:
    version "1.0.2"
    resolved "https://npm.modcam.io/babel-plugin-undeclared-variables-check/-/babel-plugin-undeclared-variables-check-1.0.2.tgz#5cf1aa539d813ff64e99641290af620965f65dee"
    dependencies:
      leven "^1.0.2"
  
  babel-plugin-undefined-to-void@^1.1.6:
    version "1.1.6"
    resolved "https://npm.modcam.io/babel-plugin-undefined-to-void/-/babel-plugin-undefined-to-void-1.1.6.tgz#7f578ef8b78dfae6003385d8417a61eda06e2f81"
  
  babylon@^5.8.38:
    version "5.8.38"
    resolved "https://npm.modcam.io/babylon/-/babylon-5.8.38.tgz#ec9b120b11bf6ccd4173a18bf217e60b79859ffd"
  
  balanced-match@^1.0.0:
    version "1.0.0"
    resolved "https://npm.modcam.io/balanced-match/-/balanced-match-1.0.0.tgz#89b4d199ab2bee49de164ea02b89ce462d71b767"
  
  bindings@1.2.x, bindings@~1.2.1:
    version "1.2.1"
    resolved "https://npm.modcam.io/bindings/-/bindings-1.2.1.tgz#14ad6113812d2d37d72e67b4cacb4bb726505f11"
  
  bluebird@^2.9.33, bluebird@^2.9.34:
    version "2.11.0"
    resolved "https://npm.modcam.io/bluebird/-/bluebird-2.11.0.tgz#534b9033c022c9579c56ba3b3e5a5caafbb650e1"
  
  brace-expansion@^1.0.0, brace-expansion@^1.1.7:
    version "1.1.8"
    resolved "https://npm.modcam.io/brace-expansion/-/brace-expansion-1.1.8.tgz#c07b211c7c952ec1f8efd51a77ef0d1d3990a292"
    dependencies:
      balanced-match "^1.0.0"
      concat-map "0.0.1"
  
  breakable@~1.0.0:
    version "1.0.0"
    resolved "https://npm.modcam.io/breakable/-/breakable-1.0.0.tgz#784a797915a38ead27bad456b5572cb4bbaa78c1"
  
  buf-compare@^1.0.0:
    version "1.0.1"
    resolved "https://npm.modcam.io/buf-compare/-/buf-compare-1.0.1.tgz#fef28da8b8113a0a0db4430b0b6467b69730b34a"
  
  bufferutil@1.2.x:
    version "1.2.1"
    resolved "https://npm.modcam.io/bufferutil/-/bufferutil-1.2.1.tgz#37be5d36e1e06492221e68d474b1ac58e510cbd7"
    dependencies:
      bindings "1.2.x"
      nan "^2.0.5"
  
  builtin-modules@^1.0.0:
    version "1.1.1"
    resolved "https://npm.modcam.io/builtin-modules/-/builtin-modules-1.1.1.tgz#270f076c5a72c02f5b65a47df94c5fe3a278892f"
  
  call-matcher@^1.0.0:
    version "1.0.1"
    resolved "https://npm.modcam.io/call-matcher/-/call-matcher-1.0.1.tgz#5134d077984f712a54dad3cbf62de28dce416ca8"
    dependencies:
      core-js "^2.0.0"
      deep-equal "^1.0.0"
      espurify "^1.6.0"
      estraverse "^4.0.0"
  
  call-signature@0.0.2:
    version "0.0.2"
    resolved "https://npm.modcam.io/call-signature/-/call-signature-0.0.2.tgz#a84abc825a55ef4cb2b028bd74e205a65b9a4996"
  
  camelcase-keys@^2.0.0:
    version "2.1.0"
    resolved "https://npm.modcam.io/camelcase-keys/-/camelcase-keys-2.1.0.tgz#308beeaffdf28119051efa1d932213c91b8f92e7"
    dependencies:
      camelcase "^2.0.0"
      map-obj "^1.0.0"
  
  camelcase@^1.0.2, camelcase@^1.2.1:
    version "1.2.1"
    resolved "https://npm.modcam.io/camelcase/-/camelcase-1.2.1.tgz#9bb5304d2e0b56698b2c758b08a3eaa9daa58a39"
  
  camelcase@^2.0.0:
    version "2.1.1"
    resolved "https://npm.modcam.io/camelcase/-/camelcase-2.1.1.tgz#7c1d16d679a1bbe59ca02cacecfb011e201f5a1f"
  
  center-align@^0.1.1:
    version "0.1.3"
    resolved "https://npm.modcam.io/center-align/-/center-align-0.1.3.tgz#aa0d32629b6ee972200411cbd4461c907bc2b7ad"
    dependencies:
      align-text "^0.1.3"
      lazy-cache "^1.0.3"
  
  chalk@^1.0.0:
    version "1.1.3"
    resolved "https://npm.modcam.io/chalk/-/chalk-1.1.3.tgz#a8115c55e4a702fe4d150abd3872822a7e09fc98"
    dependencies:
      ansi-styles "^2.2.1"
      escape-string-regexp "^1.0.2"
      has-ansi "^2.0.0"
      strip-ansi "^3.0.0"
      supports-color "^2.0.0"
  
  circular-json@^0.3.1:
    version "0.3.3"
    resolved "https://npm.modcam.io/circular-json/-/circular-json-0.3.3.tgz#815c99ea84f6809529d2f45791bdf82711352d66"
  
  cli-cursor@^1.0.1:
    version "1.0.2"
    resolved "https://npm.modcam.io/cli-cursor/-/cli-cursor-1.0.2.tgz#64da3f7d56a54412e59794bd62dc35295e8f2987"
    dependencies:
      restore-cursor "^1.0.1"
  
  cli-width@^1.0.1:
    version "1.1.1"
    resolved "https://npm.modcam.io/cli-width/-/cli-width-1.1.1.tgz#a4d293ef67ebb7b88d4a4d42c0ccf00c4d1e366d"
  
  cliui@^2.1.0:
    version "2.1.0"
    resolved "https://npm.modcam.io/cliui/-/cliui-2.1.0.tgz#4b475760ff80264c762c3a1719032e91c7fea0d1"
    dependencies:
      center-align "^0.1.1"
      right-align "^0.1.1"
      wordwrap "0.0.2"
  
  co@^4.6.0:
    version "4.6.0"
    resolved "https://npm.modcam.io/co/-/co-4.6.0.tgz#6ea6bdf3d853ae54ccb8e47bfa0bf3f9031fb184"
  
  code-point-at@^1.0.0:
    version "1.1.0"
    resolved "https://npm.modcam.io/code-point-at/-/code-point-at-1.1.0.tgz#0d070b4d043a5bea33a2f1a40e2edb3d9a4ccf77"
  
  coffee-script@~1.9.3:
    version "1.9.3"
    resolved "https://npm.modcam.io/coffee-script/-/coffee-script-1.9.3.tgz#596e6e83fcfcb67c5964ab70d444beff0ac04ac7"
  
  commander@^2.5.0:
    version "2.11.0"
    resolved "https://npm.modcam.io/commander/-/commander-2.11.0.tgz#157152fd1e7a6c8d98a5b715cf376df928004563"
  
  commoner@~0.10.3:
    version "0.10.8"
    resolved "https://npm.modcam.io/commoner/-/commoner-0.10.8.tgz#34fc3672cd24393e8bb47e70caa0293811f4f2c5"
    dependencies:
      commander "^2.5.0"
      detective "^4.3.1"
      glob "^5.0.15"
      graceful-fs "^4.1.2"
      iconv-lite "^0.4.5"
      mkdirp "^0.5.0"
      private "^0.1.6"
      q "^1.1.2"
      recast "^0.11.17"
  
  concat-map@0.0.1:
    version "0.0.1"
    resolved "https://npm.modcam.io/concat-map/-/concat-map-0.0.1.tgz#d8a96bd77fd68df7793a73036a3ba0d5405d477b"
  
  concat-stream@^1.4.6:
    version "1.6.0"
    resolved "https://npm.modcam.io/concat-stream/-/concat-stream-1.6.0.tgz#0aac662fd52be78964d5532f694784e70110acf7"
    dependencies:
      inherits "^2.0.3"
      readable-stream "^2.2.2"
      typedarray "^0.0.6"
  
  configstore@^1.0.0:
    version "1.4.0"
    resolved "https://npm.modcam.io/configstore/-/configstore-1.4.0.tgz#c35781d0501d268c25c54b8b17f6240e8a4fb021"
    dependencies:
      graceful-fs "^4.1.2"
      mkdirp "^0.5.0"
      object-assign "^4.0.1"
      os-tmpdir "^1.0.0"
      osenv "^0.1.0"
      uuid "^2.0.1"
      write-file-atomic "^1.1.2"
      xdg-basedir "^2.0.0"
  
  console-stream@^0.1.1:
    version "0.1.1"
    resolved "https://npm.modcam.io/console-stream/-/console-stream-0.1.1.tgz#a095fe07b20465955f2fafd28b5d72bccd949d44"
  
  convert-source-map@^1.1.0:
    version "1.5.0"
    resolved "https://npm.modcam.io/convert-source-map/-/convert-source-map-1.5.0.tgz#9acd70851c6d5dfdd93d9282e5edf94a03ff46b5"
  
  core-assert@^0.1.0:
    version "0.1.3"
    resolved "https://npm.modcam.io/core-assert/-/core-assert-0.1.3.tgz#a339cadfe1898a2299cf7ee0df5c14993a32b3d1"
    dependencies:
      buf-compare "^1.0.0"
  
  core-js@^1.0.0:
    version "1.2.7"
    resolved "https://npm.modcam.io/core-js/-/core-js-1.2.7.tgz#652294c14651db28fa93bd2d5ff2983a4f08c636"
  
  core-js@^2.0.0:
    version "2.5.1"
    resolved "https://npm.modcam.io/core-js/-/core-js-2.5.1.tgz#ae6874dc66937789b80754ff5428df66819ca50b"
  
  core-util-is@~1.0.0:
    version "1.0.2"
    resolved "https://npm.modcam.io/core-util-is/-/core-util-is-1.0.2.tgz#b5fd54220aa2bc5ab57aab7140c940754503c1a7"
  
  cross-spawn@^4.0.0:
    version "4.0.2"
    resolved "https://npm.modcam.io/cross-spawn/-/cross-spawn-4.0.2.tgz#7b9247621c23adfdd3856004a823cbe397424d41"
    dependencies:
      lru-cache "^4.0.1"
      which "^1.2.9"
  
  currently-unhandled@^0.4.1:
    version "0.4.1"
    resolved "https://npm.modcam.io/currently-unhandled/-/currently-unhandled-0.4.1.tgz#988df33feab191ef799a61369dd76c17adf957ea"
    dependencies:
      array-find-index "^1.0.1"
  
  d@1:
    version "1.0.0"
    resolved "https://npm.modcam.io/d/-/d-1.0.0.tgz#754bb5bfe55451da69a58b94d45f4c5b0462d58f"
    dependencies:
      es5-ext "^0.10.9"
  
  debug@2, debug@^2.1.1:
    version "2.6.8"
    resolved "https://npm.modcam.io/debug/-/debug-2.6.8.tgz#e731531ca2ede27d188222427da17821d68ff4fc"
    dependencies:
      ms "2.0.0"
  
  decamelize@^1.0.0, decamelize@^1.1.2:
    version "1.2.0"
    resolved "https://npm.modcam.io/decamelize/-/decamelize-1.2.0.tgz#f6534d15148269b20352e7bee26f501f9a191290"
  
  deep-assign@^1.0.0:
    version "1.0.0"
    resolved "https://npm.modcam.io/deep-assign/-/deep-assign-1.0.0.tgz#b092743be8427dc621ea0067cdec7e70dd19f37b"
    dependencies:
      is-obj "^1.0.0"
  
  deep-assign@^2.0.0:
    version "2.0.0"
    resolved "https://npm.modcam.io/deep-assign/-/deep-assign-2.0.0.tgz#ebe06b1f07f08dae597620e3dd1622f371a1c572"
    dependencies:
      is-obj "^1.0.0"
  
  deep-equal@^1.0.0:
    version "1.0.1"
    resolved "https://npm.modcam.io/deep-equal/-/deep-equal-1.0.1.tgz#f5d260292b660e084eff4cdbc9f08ad3247448b5"
  
  deep-extend@~0.4.0:
    version "0.4.2"
    resolved "https://npm.modcam.io/deep-extend/-/deep-extend-0.4.2.tgz#48b699c27e334bf89f10892be432f6e4c7d34a7f"
  
  deep-is@~0.1.3:
    version "0.1.3"
    resolved "https://npm.modcam.io/deep-is/-/deep-is-0.1.3.tgz#b369d6fb5dbc13eecf524f91b070feedc357cf34"
  
  defined@^1.0.0:
    version "1.0.0"
    resolved "https://npm.modcam.io/defined/-/defined-1.0.0.tgz#c98d9bcef75674188e110969151199e39b1fa693"
  
  defs@~1.1.0:
    version "1.1.1"
    resolved "https://npm.modcam.io/defs/-/defs-1.1.1.tgz#b22609f2c7a11ba7a3db116805c139b1caffa9d2"
    dependencies:
      alter "~0.2.0"
      ast-traverse "~0.1.1"
      breakable "~1.0.0"
      esprima-fb "~15001.1001.0-dev-harmony-fb"
      simple-fmt "~0.1.0"
      simple-is "~0.2.0"
      stringmap "~0.2.2"
      stringset "~0.2.1"
      tryor "~0.1.2"
      yargs "~3.27.0"
  
  del@^2.0.2:
    version "2.2.2"
    resolved "https://npm.modcam.io/del/-/del-2.2.2.tgz#c12c981d067846c84bcaf862cff930d907ffd1a8"
    dependencies:
      globby "^5.0.0"
      is-path-cwd "^1.0.0"
      is-path-in-cwd "^1.0.0"
      object-assign "^4.0.1"
      pify "^2.0.0"
      pinkie-promise "^2.0.0"
      rimraf "^2.2.8"
  
  detect-indent@^3.0.0:
    version "3.0.1"
    resolved "https://npm.modcam.io/detect-indent/-/detect-indent-3.0.1.tgz#9dc5e5ddbceef8325764b9451b02bc6d54084f75"
    dependencies:
      get-stdin "^4.0.1"
      minimist "^1.1.0"
      repeating "^1.1.0"
  
  detective@^4.3.1:
    version "4.5.0"
    resolved "https://npm.modcam.io/detective/-/detective-4.5.0.tgz#6e5a8c6b26e6c7a254b1c6b6d7490d98ec91edd1"
    dependencies:
      acorn "^4.0.3"
      defined "^1.0.0"
  
  diff-match-patch@^1.0.0:
    version "1.0.0"
    resolved "https://npm.modcam.io/diff-match-patch/-/diff-match-patch-1.0.0.tgz#1cc3c83a490d67f95d91e39f6ad1f2e086b63048"
  
  doctrine@^0.7.1:
    version "0.7.2"
    resolved "https://npm.modcam.io/doctrine/-/doctrine-0.7.2.tgz#7cb860359ba3be90e040b26b729ce4bfa654c523"
    dependencies:
      esutils "^1.1.6"
      isarray "0.0.1"
  
  double-ended-queue@^2.1.0-0:
    version "2.1.0-0"
    resolved "https://npm.modcam.io/double-ended-queue/-/double-ended-queue-2.1.0-0.tgz#103d3527fd31528f40188130c841efdd78264e5c"
  
  duplexify@^3.2.0:
    version "3.5.1"
    resolved "https://npm.modcam.io/duplexify/-/duplexify-3.5.1.tgz#4e1516be68838bc90a49994f0b39a6e5960befcd"
    dependencies:
      end-of-stream "^1.0.0"
      inherits "^2.0.1"
      readable-stream "^2.0.0"
      stream-shift "^1.0.0"
  
  eastasianwidth@^0.1.1:
    version "0.1.1"
    resolved "https://npm.modcam.io/eastasianwidth/-/eastasianwidth-0.1.1.tgz#44d656de9da415694467335365fb3147b8572b7c"
  
  empower-core@^0.6.2:
    version "0.6.2"
    resolved "https://npm.modcam.io/empower-core/-/empower-core-0.6.2.tgz#5adef566088e31fba80ba0a36df47d7094169144"
    dependencies:
      call-signature "0.0.2"
      core-js "^2.0.0"
  
  empower@^1.0.2:
    version "1.2.3"
    resolved "https://npm.modcam.io/empower/-/empower-1.2.3.tgz#6f0da73447f4edd838fec5c60313a88ba5cb852b"
    dependencies:
      core-js "^2.0.0"
      empower-core "^0.6.2"
  
  end-of-stream@^1.0.0:
    version "1.4.0"
    resolved "https://npm.modcam.io/end-of-stream/-/end-of-stream-1.4.0.tgz#7a90d833efda6cfa6eac0f4949dbb0fad3a63206"
    dependencies:
      once "^1.4.0"
  
  error-ex@^1.2.0:
    version "1.3.1"
    resolved "https://npm.modcam.io/error-ex/-/error-ex-1.3.1.tgz#f855a86ce61adc4e8621c3cda21e7a7612c3a8dc"
    dependencies:
      is-arrayish "^0.2.1"
  
  es5-ext@^0.10.14, es5-ext@^0.10.9, es5-ext@~0.10.14:
    version "0.10.30"
    resolved "https://npm.modcam.io/es5-ext/-/es5-ext-0.10.30.tgz#7141a16836697dbabfaaaeee41495ce29f52c939"
    dependencies:
      es6-iterator "2"
      es6-symbol "~3.1"
  
  es6-iterator@2, es6-iterator@^2.0.1, es6-iterator@~2.0.1:
    version "2.0.1"
    resolved "https://npm.modcam.io/es6-iterator/-/es6-iterator-2.0.1.tgz#8e319c9f0453bf575d374940a655920e59ca5512"
    dependencies:
      d "1"
      es5-ext "^0.10.14"
      es6-symbol "^3.1"
  
  es6-map@^0.1.3:
    version "0.1.5"
    resolved "https://npm.modcam.io/es6-map/-/es6-map-0.1.5.tgz#9136e0503dcc06a301690f0bb14ff4e364e949f0"
    dependencies:
      d "1"
      es5-ext "~0.10.14"
      es6-iterator "~2.0.1"
      es6-set "~0.1.5"
      es6-symbol "~3.1.1"
      event-emitter "~0.3.5"
  
  es6-set@~0.1.5:
    version "0.1.5"
    resolved "https://npm.modcam.io/es6-set/-/es6-set-0.1.5.tgz#d2b3ec5d4d800ced818db538d28974db0a73ccb1"
    dependencies:
      d "1"
      es5-ext "~0.10.14"
      es6-iterator "~2.0.1"
      es6-symbol "3.1.1"
      event-emitter "~0.3.5"
  
  es6-symbol@3.1.1, es6-symbol@^3.1, es6-symbol@^3.1.1, es6-symbol@~3.1, es6-symbol@~3.1.1:
    version "3.1.1"
    resolved "https://npm.modcam.io/es6-symbol/-/es6-symbol-3.1.1.tgz#bf00ef4fdab6ba1b46ecb7b629b4c7ed5715cc77"
    dependencies:
      d "1"
      es5-ext "~0.10.14"
  
  es6-weak-map@^2.0.1:
    version "2.0.2"
    resolved "https://npm.modcam.io/es6-weak-map/-/es6-weak-map-2.0.2.tgz#5e3ab32251ffd1538a1f8e5ffa1357772f92d96f"
    dependencies:
      d "1"
      es5-ext "^0.10.14"
      es6-iterator "^2.0.1"
      es6-symbol "^3.1.1"
  
  escallmatch@^1.4.2:
    version "1.5.0"
    resolved "https://npm.modcam.io/escallmatch/-/escallmatch-1.5.0.tgz#50099d86e8091b092df8ddfbc3f9a6fb05a024d0"
    dependencies:
      call-matcher "^1.0.0"
      esprima "^2.0.0"
  
  escape-string-regexp@^1.0.2, escape-string-regexp@^1.0.5:
    version "1.0.5"
    resolved "https://npm.modcam.io/escape-string-regexp/-/escape-string-regexp-1.0.5.tgz#1b61c0562190a8dff6ae3bb2cf0200ca130b86d4"
  
  escodegen@^1.7.0:
    version "1.8.1"
    resolved "https://npm.modcam.io/escodegen/-/escodegen-1.8.1.tgz#5a5b53af4693110bebb0867aa3430dd3b70a1018"
    dependencies:
      esprima "^2.7.1"
      estraverse "^1.9.1"
      esutils "^2.0.2"
      optionator "^0.8.1"
    optionalDependencies:
      source-map "~0.2.0"
  
  escope@^3.3.0:
    version "3.6.0"
    resolved "https://npm.modcam.io/escope/-/escope-3.6.0.tgz#e01975e812781a163a6dadfdd80398dc64c889c3"
    dependencies:
      es6-map "^0.1.3"
      es6-weak-map "^2.0.1"
      esrecurse "^4.1.0"
      estraverse "^4.1.1"
  
  eslint-config-xo@^0.7.0:
    version "0.7.1"
    resolved "https://npm.modcam.io/eslint-config-xo/-/eslint-config-xo-0.7.1.tgz#1900821359d46420097160b6c57c8e2eecbbbf1b"
    dependencies:
      deep-assign "^2.0.0"
  
  eslint-plugin-babel@^2.1.1:
    version "2.2.0"
    resolved "https://npm.modcam.io/eslint-plugin-babel/-/eslint-plugin-babel-2.2.0.tgz#46b57afbae3161485bb88897a3b1a7c205e1326e"
    dependencies:
      babel-core "^5.5.8"
  
  eslint-plugin-no-empty-blocks@0.0.2:
    version "0.0.2"
    resolved "https://npm.modcam.io/eslint-plugin-no-empty-blocks/-/eslint-plugin-no-empty-blocks-0.0.2.tgz#cdf7a1fbd10508387b7e6a36ee4c9b9b23b109b9"
  
  eslint-plugin-no-use-extend-native@^0.1.5:
    version "0.1.8"
    resolved "https://npm.modcam.io/eslint-plugin-no-use-extend-native/-/eslint-plugin-no-use-extend-native-0.1.8.tgz#50d5698cfda57be2be12f1b17ff6d883346a75e5"
    dependencies:
      proto-props "^0.2.0"
  
  eslint@^1.7.3:
    version "1.10.3"
    resolved "https://npm.modcam.io/eslint/-/eslint-1.10.3.tgz#fb19a91b13c158082bbca294b17d979bc8353a0a"
    dependencies:
      chalk "^1.0.0"
      concat-stream "^1.4.6"
      debug "^2.1.1"
      doctrine "^0.7.1"
      escape-string-regexp "^1.0.2"
      escope "^3.3.0"
      espree "^2.2.4"
      estraverse "^4.1.1"
      estraverse-fb "^1.3.1"
      esutils "^2.0.2"
      file-entry-cache "^1.1.1"
      glob "^5.0.14"
      globals "^8.11.0"
      handlebars "^4.0.0"
      inquirer "^0.11.0"
      is-my-json-valid "^2.10.0"
      is-resolvable "^1.0.0"
      js-yaml "3.4.5"
      json-stable-stringify "^1.0.0"
      lodash.clonedeep "^3.0.1"
      lodash.merge "^3.3.2"
      lodash.omit "^3.1.0"
      minimatch "^3.0.0"
      mkdirp "^0.5.0"
      object-assign "^4.0.1"
      optionator "^0.6.0"
      path-is-absolute "^1.0.0"
      path-is-inside "^1.0.1"
      shelljs "^0.5.3"
      strip-json-comments "~1.0.1"
      text-table "~0.2.0"
      user-home "^2.0.0"
      xml-escape "~1.0.0"
  
  "espower@>=1.0.0 <1.3.0":
    version "1.2.1"
    resolved "https://npm.modcam.io/espower/-/espower-1.2.1.tgz#ffee18039df96f1d5df090931ef67344a215ef36"
    dependencies:
      deep-equal "^1.0.0"
      escallmatch "^1.4.2"
      escodegen "^1.7.0"
      espurify "^1.3.0"
      estraverse "^4.1.0"
      is-url "^1.2.1"
      isarray "^0.0.1"
      path-is-absolute "^1.0.0"
      source-map "^0.5.0"
      type-name "^1.0.1"
      xtend "^4.0.0"
  
  espree@^2.2.4:
    version "2.2.5"
    resolved "https://npm.modcam.io/espree/-/espree-2.2.5.tgz#df691b9310889402aeb29cc066708c56690b854b"
  
  esprima-fb@~15001.1001.0-dev-harmony-fb:
    version "15001.1001.0-dev-harmony-fb"
    resolved "https://npm.modcam.io/esprima-fb/-/esprima-fb-15001.1001.0-dev-harmony-fb.tgz#43beb57ec26e8cf237d3dd8b33e42533577f2659"
  
  esprima@^2.0.0, esprima@^2.6.0, esprima@^2.7.1:
    version "2.7.3"
    resolved "https://npm.modcam.io/esprima/-/esprima-2.7.3.tgz#96e3b70d5779f6ad49cd032673d1c312767ba581"
  
  esprima@~3.1.0:
    version "3.1.3"
    resolved "https://npm.modcam.io/esprima/-/esprima-3.1.3.tgz#fdca51cee6133895e3c88d535ce49dbff62a4633"
  
  espurify@^1.3.0, espurify@^1.6.0:
    version "1.7.0"
    resolved "https://npm.modcam.io/espurify/-/espurify-1.7.0.tgz#1c5cf6cbccc32e6f639380bd4f991fab9ba9d226"
    dependencies:
      core-js "^2.0.0"
  
  esrecurse@^4.1.0:
    version "4.2.0"
    resolved "https://npm.modcam.io/esrecurse/-/esrecurse-4.2.0.tgz#fa9568d98d3823f9a41d91e902dcab9ea6e5b163"
    dependencies:
      estraverse "^4.1.0"
      object-assign "^4.0.1"
  
  estraverse-fb@^1.3.1:
    version "1.3.2"
    resolved "https://npm.modcam.io/estraverse-fb/-/estraverse-fb-1.3.2.tgz#d323a4cb5e5ac331cea033413a9253e1643e07c4"
  
  estraverse@^1.9.1:
    version "1.9.3"
    resolved "https://npm.modcam.io/estraverse/-/estraverse-1.9.3.tgz#af67f2dc922582415950926091a4005d29c9bb44"
  
  estraverse@^4.0.0, estraverse@^4.1.0, estraverse@^4.1.1, estraverse@^4.2.0:
    version "4.2.0"
    resolved "https://npm.modcam.io/estraverse/-/estraverse-4.2.0.tgz#0dee3fed31fcd469618ce7342099fc1afa0bdb13"
  
  esutils@^1.1.6:
    version "1.1.6"
    resolved "https://npm.modcam.io/esutils/-/esutils-1.1.6.tgz#c01ccaa9ae4b897c6d0c3e210ae52f3c7a844375"
  
  esutils@^2.0.0, esutils@^2.0.2:
    version "2.0.2"
    resolved "https://npm.modcam.io/esutils/-/esutils-2.0.2.tgz#0abf4f1caa5bcb1f7a9d8acc6dea4faaa04bac9b"
  
  event-emitter@~0.3.5:
    version "0.3.5"
    resolved "https://npm.modcam.io/event-emitter/-/event-emitter-0.3.5.tgz#df8c69eef1647923c7157b9ce83840610b02cc39"
    dependencies:
      d "1"
      es5-ext "~0.10.14"
  
  exit-hook@^1.0.0:
    version "1.1.1"
    resolved "https://npm.modcam.io/exit-hook/-/exit-hook-1.1.1.tgz#f05ca233b48c05d54fff07765df8507e95c02ff8"
  
  extend@3, extend@~3.0.0:
    version "3.0.1"
    resolved "https://npm.modcam.io/extend/-/extend-3.0.1.tgz#a755ea7bc1adfcc5a31ce7e762dbaadc5e636444"
  
  fast-levenshtein@~1.0.6:
    version "1.0.7"
    resolved "https://npm.modcam.io/fast-levenshtein/-/fast-levenshtein-1.0.7.tgz#0178dcdee023b92905193af0959e8a7639cfdcb9"
  
  fast-levenshtein@~2.0.4:
    version "2.0.6"
    resolved "https://npm.modcam.io/fast-levenshtein/-/fast-levenshtein-2.0.6.tgz#3d8a5c66883a16a30ca8643e851f19baa7797917"
  
  figures@^1.3.5, figures@^1.4.0:
    version "1.7.0"
    resolved "https://npm.modcam.io/figures/-/figures-1.7.0.tgz#cbe1e3affcf1cd44b80cadfed28dc793a9701d2e"
    dependencies:
      escape-string-regexp "^1.0.5"
      object-assign "^4.1.0"
  
  file-entry-cache@^1.1.1:
    version "1.3.1"
    resolved "https://npm.modcam.io/file-entry-cache/-/file-entry-cache-1.3.1.tgz#44c61ea607ae4be9c1402f41f44270cbfe334ff8"
    dependencies:
      flat-cache "^1.2.1"
      object-assign "^4.0.1"
  
  find-up@^1.0.0:
    version "1.1.2"
    resolved "https://npm.modcam.io/find-up/-/find-up-1.1.2.tgz#6b2e9822b1a2ce0a60ab64d610eccad53cb24d0f"
    dependencies:
      path-exists "^2.0.0"
      pinkie-promise "^2.0.0"
  
  flat-cache@^1.2.1:
    version "1.2.2"
    resolved "https://npm.modcam.io/flat-cache/-/flat-cache-1.2.2.tgz#fa86714e72c21db88601761ecf2f555d1abc6b96"
    dependencies:
      circular-json "^0.3.1"
      del "^2.0.2"
      graceful-fs "^4.1.2"
      write "^0.2.1"
  
  fn-name@^2.0.0:
    version "2.0.1"
    resolved "https://npm.modcam.io/fn-name/-/fn-name-2.0.1.tgz#5214d7537a4d06a4a301c0cc262feb84188002e7"
  
  fs-readdir-recursive@^0.1.0:
    version "0.1.2"
    resolved "https://npm.modcam.io/fs-readdir-recursive/-/fs-readdir-recursive-0.1.2.tgz#315b4fb8c1ca5b8c47defef319d073dad3568059"
  
  fs.realpath@^1.0.0:
    version "1.0.0"
    resolved "https://npm.modcam.io/fs.realpath/-/fs.realpath-1.0.0.tgz#1504ad2523158caa40db4a2787cb01411994ea4f"
  
  generate-function@^2.0.0:
    version "2.0.0"
    resolved "https://npm.modcam.io/generate-function/-/generate-function-2.0.0.tgz#6858fe7c0969b7d4e9093337647ac79f60dfbe74"
  
  generate-object-property@^1.1.0:
    version "1.2.0"
    resolved "https://npm.modcam.io/generate-object-property/-/generate-object-property-1.2.0.tgz#9c0e1c40308ce804f4783618b937fa88f99d50d0"
    dependencies:
      is-property "^1.0.0"
  
  get-stdin@^4.0.1:
    version "4.0.1"
    resolved "https://npm.modcam.io/get-stdin/-/get-stdin-4.0.1.tgz#b968c6b0a04384324902e8bf1a5df32579a450fe"
  
  get-stdin@^5.0.0:
    version "5.0.1"
    resolved "https://npm.modcam.io/get-stdin/-/get-stdin-5.0.1.tgz#122e161591e21ff4c52530305693f20e6393a398"
  
  glob@^5.0.14, glob@^5.0.15, glob@^5.0.3:
    version "5.0.15"
    resolved "https://npm.modcam.io/glob/-/glob-5.0.15.tgz#1bc936b9e02f4a603fcc222ecf7633d30b8b93b1"
    dependencies:
      inflight "^1.0.4"
      inherits "2"
      minimatch "2 || 3"
      once "^1.3.0"
      path-is-absolute "^1.0.0"
  
  glob@^7.0.3, glob@^7.0.5:
    version "7.1.2"
    resolved "https://npm.modcam.io/glob/-/glob-7.1.2.tgz#c19c9df9a028702d678612384a6552404c636d15"
    dependencies:
      fs.realpath "^1.0.0"
      inflight "^1.0.4"
      inherits "2"
      minimatch "^3.0.4"
      once "^1.3.0"
      path-is-absolute "^1.0.0"
  
  globals@^6.4.0:
    version "6.4.1"
    resolved "https://npm.modcam.io/globals/-/globals-6.4.1.tgz#8498032b3b6d1cc81eebc5f79690d8fe29fabf4f"
  
  globals@^8.11.0:
    version "8.18.0"
    resolved "https://npm.modcam.io/globals/-/globals-8.18.0.tgz#93d4a62bdcac38cfafafc47d6b034768cb0ffcb4"
  
  globby@^3.0.0, globby@^3.0.1:
    version "3.0.1"
    resolved "https://npm.modcam.io/globby/-/globby-3.0.1.tgz#2094af8421e19152150d5893eb6416b312d9a22f"
    dependencies:
      array-union "^1.0.1"
      arrify "^1.0.0"
      glob "^5.0.3"
      object-assign "^4.0.1"
      pify "^2.0.0"
      pinkie-promise "^1.0.0"
  
  globby@^5.0.0:
    version "5.0.0"
    resolved "https://npm.modcam.io/globby/-/globby-5.0.0.tgz#ebd84667ca0dbb330b99bcfc68eac2bc54370e0d"
    dependencies:
      array-union "^1.0.1"
      arrify "^1.0.0"
      glob "^7.0.3"
      object-assign "^4.0.1"
      pify "^2.0.0"
      pinkie-promise "^2.0.0"
  
  got@^3.2.0:
    version "3.3.1"
    resolved "https://npm.modcam.io/got/-/got-3.3.1.tgz#e5d0ed4af55fc3eef4d56007769d98192bcb2eca"
    dependencies:
      duplexify "^3.2.0"
      infinity-agent "^2.0.0"
      is-redirect "^1.0.0"
      is-stream "^1.0.0"
      lowercase-keys "^1.0.0"
      nested-error-stacks "^1.0.0"
      object-assign "^3.0.0"
      prepend-http "^1.0.0"
      read-all-stream "^3.0.0"
      timed-out "^2.0.0"
  
  graceful-fs@^4.1.11, graceful-fs@^4.1.2, graceful-fs@^4.1.4:
    version "4.1.11"
    resolved "https://npm.modcam.io/graceful-fs/-/graceful-fs-4.1.11.tgz#0e8bdfe4d1ddb8854d64e04ea7c00e2a026e5658"
  
  handlebars@^4.0.0:
    version "4.0.10"
    resolved "https://npm.modcam.io/handlebars/-/handlebars-4.0.10.tgz#3d30c718b09a3d96f23ea4cc1f403c4d3ba9ff4f"
    dependencies:
      async "^1.4.0"
      optimist "^0.6.1"
      source-map "^0.4.4"
    optionalDependencies:
      uglify-js "^2.6"
  
  has-ansi@^2.0.0:
    version "2.0.0"
    resolved "https://npm.modcam.io/has-ansi/-/has-ansi-2.0.0.tgz#34f5049ce1ecdf2b0649af3ef24e45ed35416d91"
    dependencies:
      ansi-regex "^2.0.0"
  
  home-or-tmp@^1.0.0:
    version "1.0.0"
    resolved "https://npm.modcam.io/home-or-tmp/-/home-or-tmp-1.0.0.tgz#4b9f1e40800c3e50c6c27f781676afcce71f3985"
    dependencies:
      os-tmpdir "^1.0.1"
      user-home "^1.1.1"
  
  hosted-git-info@^2.1.4:
    version "2.5.0"
    resolved "https://npm.modcam.io/hosted-git-info/-/hosted-git-info-2.5.0.tgz#6d60e34b3abbc8313062c3b798ef8d901a07af3c"
  
  https-proxy-agent@1.0.0:
    version "1.0.0"
    resolved "https://npm.modcam.io/https-proxy-agent/-/https-proxy-agent-1.0.0.tgz#35f7da6c48ce4ddbfa264891ac593ee5ff8671e6"
    dependencies:
      agent-base "2"
      debug "2"
      extend "3"
  
  iconv-lite@^0.4.5:
    version "0.4.18"
    resolved "https://npm.modcam.io/iconv-lite/-/iconv-lite-0.4.18.tgz#23d8656b16aae6742ac29732ea8f0336a4789cf2"
  
  imurmurhash@^0.1.4:
    version "0.1.4"
    resolved "https://npm.modcam.io/imurmurhash/-/imurmurhash-0.1.4.tgz#9218b9b2b928a238b13dc4fb6b6d576f231453ea"
  
  indent-string@^2.1.0:
    version "2.1.0"
    resolved "https://npm.modcam.io/indent-string/-/indent-string-2.1.0.tgz#8e2d48348742121b4a8218b7a137e9a52049dc80"
    dependencies:
      repeating "^2.0.0"
  
  infinity-agent@^2.0.0:
    version "2.0.3"
    resolved "https://npm.modcam.io/infinity-agent/-/infinity-agent-2.0.3.tgz#45e0e2ff7a9eb030b27d62b74b3744b7a7ac4216"
  
  inflight@^1.0.4:
    version "1.0.6"
    resolved "https://npm.modcam.io/inflight/-/inflight-1.0.6.tgz#49bd6331d7d02d0c09bc910a1075ba8165b56df9"
    dependencies:
      once "^1.3.0"
      wrappy "1"
  
  inherits@2, inherits@^2.0.1, inherits@^2.0.3, inherits@~2.0.1, inherits@~2.0.3:
    version "2.0.3"
    resolved "https://npm.modcam.io/inherits/-/inherits-2.0.3.tgz#633c2c83e3da42a502f52466022480f4208261de"
  
  ini@~1.3.0:
    version "1.3.4"
    resolved "https://npm.modcam.io/ini/-/ini-1.3.4.tgz#0537cb79daf59b59a1a517dff706c86ec039162e"
  
  inquirer@^0.11.0:
    version "0.11.4"
    resolved "https://npm.modcam.io/inquirer/-/inquirer-0.11.4.tgz#81e3374e8361beaff2d97016206d359d0b32fa4d"
    dependencies:
      ansi-escapes "^1.1.0"
      ansi-regex "^2.0.0"
      chalk "^1.0.0"
      cli-cursor "^1.0.1"
      cli-width "^1.0.1"
      figures "^1.3.5"
      lodash "^3.3.1"
      readline2 "^1.0.1"
      run-async "^0.1.0"
      rx-lite "^3.1.2"
      string-width "^1.0.1"
      strip-ansi "^3.0.0"
      through "^2.3.6"
  
  invert-kv@^1.0.0:
    version "1.0.0"
    resolved "https://npm.modcam.io/invert-kv/-/invert-kv-1.0.0.tgz#104a8e4aaca6d3d8cd157a8ef8bfab2d7a3ffdb6"
  
  irregular-plurals@^1.0.0:
    version "1.3.0"
    resolved "https://npm.modcam.io/irregular-plurals/-/irregular-plurals-1.3.0.tgz#7af06931bdf74be33dcf585a13e06fccc16caecf"
  
  is-arrayish@^0.2.1:
    version "0.2.1"
    resolved "https://npm.modcam.io/is-arrayish/-/is-arrayish-0.2.1.tgz#77c99840527aa8ecb1a8ba697b80645a7a926a9d"
  
  is-buffer@^1.1.5:
    version "1.1.5"
    resolved "https://npm.modcam.io/is-buffer/-/is-buffer-1.1.5.tgz#1f3b26ef613b214b88cbca23cc6c01d87961eecc"
  
  is-builtin-module@^1.0.0:
    version "1.0.0"
    resolved "https://npm.modcam.io/is-builtin-module/-/is-builtin-module-1.0.0.tgz#540572d34f7ac3119f8f76c30cbc1b1e037affbe"
    dependencies:
      builtin-modules "^1.0.0"
  
  is-finite@^1.0.0, is-finite@^1.0.1:
    version "1.0.2"
    resolved "https://npm.modcam.io/is-finite/-/is-finite-1.0.2.tgz#cc6677695602be550ef11e8b4aa6305342b6d0aa"
    dependencies:
      number-is-nan "^1.0.0"
  
  is-fullwidth-code-point@^1.0.0:
    version "1.0.0"
    resolved "https://npm.modcam.io/is-fullwidth-code-point/-/is-fullwidth-code-point-1.0.0.tgz#ef9e31386f031a7f0d643af82fde50c457ef00cb"
    dependencies:
      number-is-nan "^1.0.0"
  
  is-generator@^1.0.2:
    version "1.0.3"
    resolved "https://npm.modcam.io/is-generator/-/is-generator-1.0.3.tgz#c14c21057ed36e328db80347966c693f886389f3"
  
  is-integer@^1.0.4:
    version "1.0.7"
    resolved "https://npm.modcam.io/is-integer/-/is-integer-1.0.7.tgz#6bde81aacddf78b659b6629d629cadc51a886d5c"
    dependencies:
      is-finite "^1.0.0"
  
  is-my-json-valid@^2.10.0:
    version "2.16.1"
    resolved "https://npm.modcam.io/is-my-json-valid/-/is-my-json-valid-2.16.1.tgz#5a846777e2c2620d1e69104e5d3a03b1f6088f11"
    dependencies:
      generate-function "^2.0.0"
      generate-object-property "^1.1.0"
      jsonpointer "^4.0.0"
      xtend "^4.0.0"
  
  is-npm@^1.0.0:
    version "1.0.0"
    resolved "https://npm.modcam.io/is-npm/-/is-npm-1.0.0.tgz#f2fb63a65e4905b406c86072765a1a4dc793b9f4"
  
  is-obj@^1.0.0:
    version "1.0.1"
    resolved "https://npm.modcam.io/is-obj/-/is-obj-1.0.1.tgz#3e4729ac1f5fde025cd7d83a896dab9f4f67db0f"
  
  is-path-cwd@^1.0.0:
    version "1.0.0"
    resolved "https://npm.modcam.io/is-path-cwd/-/is-path-cwd-1.0.0.tgz#d225ec23132e89edd38fda767472e62e65f1106d"
  
  is-path-in-cwd@^1.0.0:
    version "1.0.0"
    resolved "https://npm.modcam.io/is-path-in-cwd/-/is-path-in-cwd-1.0.0.tgz#6477582b8214d602346094567003be8a9eac04dc"
    dependencies:
      is-path-inside "^1.0.0"
  
  is-path-inside@^1.0.0:
    version "1.0.0"
    resolved "https://npm.modcam.io/is-path-inside/-/is-path-inside-1.0.0.tgz#fc06e5a1683fbda13de667aff717bbc10a48f37f"
    dependencies:
      path-is-inside "^1.0.1"
  
  is-plain-obj@^1.0.0:
    version "1.1.0"
    resolved "https://npm.modcam.io/is-plain-obj/-/is-plain-obj-1.1.0.tgz#71a50c8429dfca773c92a390a4a03b39fcd51d3e"
  
  is-property@^1.0.0:
    version "1.0.2"
    resolved "https://npm.modcam.io/is-property/-/is-property-1.0.2.tgz#57fe1c4e48474edd65b09911f26b1cd4095dda84"
  
  is-redirect@^1.0.0:
    version "1.0.0"
    resolved "https://npm.modcam.io/is-redirect/-/is-redirect-1.0.0.tgz#1d03dded53bd8db0f30c26e4f95d36fc7c87dc24"
  
  is-resolvable@^1.0.0:
    version "1.0.0"
    resolved "https://npm.modcam.io/is-resolvable/-/is-resolvable-1.0.0.tgz#8df57c61ea2e3c501408d100fb013cf8d6e0cc62"
    dependencies:
      tryit "^1.0.1"
  
  is-stream@^1.0.0:
    version "1.1.0"
    resolved "https://npm.modcam.io/is-stream/-/is-stream-1.1.0.tgz#12d4a3dd4e68e0b79ceb8dbc84173ae80d91ca44"
  
  is-url@^1.2.1:
    version "1.2.2"
    resolved "https://npm.modcam.io/is-url/-/is-url-1.2.2.tgz#498905a593bf47cc2d9e7f738372bbf7696c7f26"
  
  is-utf8@^0.2.0:
    version "0.2.1"
    resolved "https://npm.modcam.io/is-utf8/-/is-utf8-0.2.1.tgz#4b0da1442104d1b336340e80797e865cf39f7d72"
  
  isarray@0.0.1, isarray@^0.0.1:
    version "0.0.1"
    resolved "https://npm.modcam.io/isarray/-/isarray-0.0.1.tgz#8a18acfca9a8f4177e09abfc6038939b05d1eedf"
  
  isarray@~1.0.0:
    version "1.0.0"
    resolved "https://npm.modcam.io/isarray/-/isarray-1.0.0.tgz#bb935d48582cba168c06834957a54a3e07124f11"
  
  isexe@^2.0.0:
    version "2.0.0"
    resolved "https://npm.modcam.io/isexe/-/isexe-2.0.0.tgz#e8fbf374dc556ff8947a10dcb0572d633f2cfa10"
  
  js-tokens@1.0.1:
    version "1.0.1"
    resolved "https://npm.modcam.io/js-tokens/-/js-tokens-1.0.1.tgz#cc435a5c8b94ad15acb7983140fc80182c89aeae"
  
  js-yaml@3.4.5:
    version "3.4.5"
    resolved "https://npm.modcam.io/js-yaml/-/js-yaml-3.4.5.tgz#c3403797df12b91866574f2de23646fe8cafb44d"
    dependencies:
      argparse "^1.0.2"
      esprima "^2.6.0"
  
  jsesc@~0.5.0:
    version "0.5.0"
    resolved "https://npm.modcam.io/jsesc/-/jsesc-0.5.0.tgz#e7dee66e35d6fc16f710fe91d5cf69f70f08911d"
  
  json-stable-stringify@^1.0.0:
    version "1.0.1"
    resolved "https://npm.modcam.io/json-stable-stringify/-/json-stable-stringify-1.0.1.tgz#9a759d39c5f2ff503fd5300646ed445f88c4f9af"
    dependencies:
      jsonify "~0.0.0"
  
  json5@^0.4.0:
    version "0.4.0"
    resolved "https://npm.modcam.io/json5/-/json5-0.4.0.tgz#054352e4c4c80c86c0923877d449de176a732c8d"
  
  jsonify@~0.0.0:
    version "0.0.0"
    resolved "https://npm.modcam.io/jsonify/-/jsonify-0.0.0.tgz#2c74b6ee41d93ca51b7b5aaee8f503631d252a73"
  
  jsonpointer@^4.0.0:
    version "4.0.1"
    resolved "https://npm.modcam.io/jsonpointer/-/jsonpointer-4.0.1.tgz#4fd92cb34e0e9db3c89c8622ecf51f9b978c6cb9"
  
  kind-of@^3.0.2:
    version "3.2.2"
    resolved "https://npm.modcam.io/kind-of/-/kind-of-3.2.2.tgz#31ea21a734bab9bbb0f32466d893aea51e4a3c64"
    dependencies:
      is-buffer "^1.1.5"
  
  latest-version@^1.0.0:
    version "1.0.1"
    resolved "https://npm.modcam.io/latest-version/-/latest-version-1.0.1.tgz#72cfc46e3e8d1be651e1ebb54ea9f6ea96f374bb"
    dependencies:
      package-json "^1.0.0"
  
  lazy-cache@^1.0.3:
    version "1.0.4"
    resolved "https://npm.modcam.io/lazy-cache/-/lazy-cache-1.0.4.tgz#a1d78fc3a50474cb80845d3b3b6e1da49a446e8e"
  
  lcid@^1.0.0:
    version "1.0.0"
    resolved "https://npm.modcam.io/lcid/-/lcid-1.0.0.tgz#308accafa0bc483a3867b4b6f2b9506251d1b835"
    dependencies:
      invert-kv "^1.0.0"
  
  leven@^1.0.2:
    version "1.0.2"
    resolved "https://npm.modcam.io/leven/-/leven-1.0.2.tgz#9144b6eebca5f1d0680169f1a6770dcea60b75c3"
  
  levn@~0.2.5:
    version "0.2.5"
    resolved "https://npm.modcam.io/levn/-/levn-0.2.5.tgz#ba8d339d0ca4a610e3a3f145b9caf48807155054"
    dependencies:
      prelude-ls "~1.1.0"
      type-check "~0.3.1"
  
  levn@~0.3.0:
    version "0.3.0"
    resolved "https://npm.modcam.io/levn/-/levn-0.3.0.tgz#3b09924edf9f083c0490fdd4c0bc4421e04764ee"
    dependencies:
      prelude-ls "~1.1.2"
      type-check "~0.3.2"
  
  load-json-file@^1.0.0, load-json-file@^1.1.0:
    version "1.1.0"
    resolved "https://npm.modcam.io/load-json-file/-/load-json-file-1.1.0.tgz#956905708d58b4bab4c2261b04f59f31c99374c0"
    dependencies:
      graceful-fs "^4.1.2"
      parse-json "^2.2.0"
      pify "^2.0.0"
      pinkie-promise "^2.0.0"
      strip-bom "^2.0.0"
  
  lodash._arraycopy@^3.0.0:
    version "3.0.0"
    resolved "https://npm.modcam.io/lodash._arraycopy/-/lodash._arraycopy-3.0.0.tgz#76e7b7c1f1fb92547374878a562ed06a3e50f6e1"
  
  lodash._arrayeach@^3.0.0:
    version "3.0.0"
    resolved "https://npm.modcam.io/lodash._arrayeach/-/lodash._arrayeach-3.0.0.tgz#bab156b2a90d3f1bbd5c653403349e5e5933ef9e"
  
  lodash._arraymap@^3.0.0:
    version "3.0.0"
    resolved "https://npm.modcam.io/lodash._arraymap/-/lodash._arraymap-3.0.0.tgz#1a8fd0f4c0df4b61dea076d717cdc97f0a3c3e66"
  
  lodash._baseassign@^3.0.0:
    version "3.2.0"
    resolved "https://npm.modcam.io/lodash._baseassign/-/lodash._baseassign-3.2.0.tgz#8c38a099500f215ad09e59f1722fd0c52bfe0a4e"
    dependencies:
      lodash._basecopy "^3.0.0"
      lodash.keys "^3.0.0"
  
  lodash._baseclone@^3.0.0:
    version "3.3.0"
    resolved "https://npm.modcam.io/lodash._baseclone/-/lodash._baseclone-3.3.0.tgz#303519bf6393fe7e42f34d8b630ef7794e3542b7"
    dependencies:
      lodash._arraycopy "^3.0.0"
      lodash._arrayeach "^3.0.0"
      lodash._baseassign "^3.0.0"
      lodash._basefor "^3.0.0"
      lodash.isarray "^3.0.0"
      lodash.keys "^3.0.0"
  
  lodash._basecopy@^3.0.0:
    version "3.0.1"
    resolved "https://npm.modcam.io/lodash._basecopy/-/lodash._basecopy-3.0.1.tgz#8da0e6a876cf344c0ad8a54882111dd3c5c7ca36"
  
  lodash._basedifference@^3.0.0:
    version "3.0.3"
    resolved "https://npm.modcam.io/lodash._basedifference/-/lodash._basedifference-3.0.3.tgz#f2c204296c2a78e02b389081b6edcac933cf629c"
    dependencies:
      lodash._baseindexof "^3.0.0"
      lodash._cacheindexof "^3.0.0"
      lodash._createcache "^3.0.0"
  
  lodash._baseflatten@^3.0.0:
    version "3.1.4"
    resolved "https://npm.modcam.io/lodash._baseflatten/-/lodash._baseflatten-3.1.4.tgz#0770ff80131af6e34f3b511796a7ba5214e65ff7"
    dependencies:
      lodash.isarguments "^3.0.0"
      lodash.isarray "^3.0.0"
  
  lodash._basefor@^3.0.0:
    version "3.0.3"
    resolved "https://npm.modcam.io/lodash._basefor/-/lodash._basefor-3.0.3.tgz#7550b4e9218ef09fad24343b612021c79b4c20c2"
  
  lodash._baseindexof@^3.0.0:
    version "3.1.0"
    resolved "https://npm.modcam.io/lodash._baseindexof/-/lodash._baseindexof-3.1.0.tgz#fe52b53a1c6761e42618d654e4a25789ed61822c"
  
  lodash._bindcallback@^3.0.0:
    version "3.0.1"
    resolved "https://npm.modcam.io/lodash._bindcallback/-/lodash._bindcallback-3.0.1.tgz#e531c27644cf8b57a99e17ed95b35c748789392e"
  
  lodash._cacheindexof@^3.0.0:
    version "3.0.2"
    resolved "https://npm.modcam.io/lodash._cacheindexof/-/lodash._cacheindexof-3.0.2.tgz#3dc69ac82498d2ee5e3ce56091bafd2adc7bde92"
  
  lodash._createassigner@^3.0.0:
    version "3.1.1"
    resolved "https://npm.modcam.io/lodash._createassigner/-/lodash._createassigner-3.1.1.tgz#838a5bae2fdaca63ac22dee8e19fa4e6d6970b11"
    dependencies:
      lodash._bindcallback "^3.0.0"
      lodash._isiterateecall "^3.0.0"
      lodash.restparam "^3.0.0"
  
  lodash._createcache@^3.0.0:
    version "3.1.2"
    resolved "https://npm.modcam.io/lodash._createcache/-/lodash._createcache-3.1.2.tgz#56d6a064017625e79ebca6b8018e17440bdcf093"
    dependencies:
      lodash._getnative "^3.0.0"
  
  lodash._getnative@^3.0.0:
    version "3.9.1"
    resolved "https://npm.modcam.io/lodash._getnative/-/lodash._getnative-3.9.1.tgz#570bc7dede46d61cdcde687d65d3eecbaa3aaff5"
  
  lodash._isiterateecall@^3.0.0:
    version "3.0.9"
    resolved "https://npm.modcam.io/lodash._isiterateecall/-/lodash._isiterateecall-3.0.9.tgz#5203ad7ba425fae842460e696db9cf3e6aac057c"
  
  lodash._pickbyarray@^3.0.0:
    version "3.0.2"
    resolved "https://npm.modcam.io/lodash._pickbyarray/-/lodash._pickbyarray-3.0.2.tgz#1f898d9607eb560b0e167384b77c7c6d108aa4c5"
  
  lodash._pickbycallback@^3.0.0:
    version "3.0.0"
    resolved "https://npm.modcam.io/lodash._pickbycallback/-/lodash._pickbycallback-3.0.0.tgz#ff61b9a017a7b3af7d30e6c53de28afa19b8750a"
    dependencies:
      lodash._basefor "^3.0.0"
      lodash.keysin "^3.0.0"
  
  lodash.assign@^3.2.0:
    version "3.2.0"
    resolved "https://npm.modcam.io/lodash.assign/-/lodash.assign-3.2.0.tgz#3ce9f0234b4b2223e296b8fa0ac1fee8ebca64fa"
    dependencies:
      lodash._baseassign "^3.0.0"
      lodash._createassigner "^3.0.0"
      lodash.keys "^3.0.0"
  
  lodash.clonedeep@^3.0.1:
    version "3.0.2"
    resolved "https://npm.modcam.io/lodash.clonedeep/-/lodash.clonedeep-3.0.2.tgz#a0a1e40d82a5ea89ff5b147b8444ed63d92827db"
    dependencies:
      lodash._baseclone "^3.0.0"
      lodash._bindcallback "^3.0.0"
  
  lodash.isarguments@^3.0.0:
    version "3.1.0"
    resolved "https://npm.modcam.io/lodash.isarguments/-/lodash.isarguments-3.1.0.tgz#2f573d85c6a24289ff00663b491c1d338ff3458a"
  
  lodash.isarray@^3.0.0:
    version "3.0.4"
    resolved "https://npm.modcam.io/lodash.isarray/-/lodash.isarray-3.0.4.tgz#79e4eb88c36a8122af86f844aa9bcd851b5fbb55"
  
  lodash.isplainobject@^3.0.0:
    version "3.2.0"
    resolved "https://npm.modcam.io/lodash.isplainobject/-/lodash.isplainobject-3.2.0.tgz#9a8238ae16b200432960cd7346512d0123fbf4c5"
    dependencies:
      lodash._basefor "^3.0.0"
      lodash.isarguments "^3.0.0"
      lodash.keysin "^3.0.0"
  
  lodash.istypedarray@^3.0.0:
    version "3.0.6"
    resolved "https://npm.modcam.io/lodash.istypedarray/-/lodash.istypedarray-3.0.6.tgz#c9a477498607501d8e8494d283b87c39281cef62"
  
  lodash.keys@^3.0.0:
    version "3.1.2"
    resolved "https://npm.modcam.io/lodash.keys/-/lodash.keys-3.1.2.tgz#4dbc0472b156be50a0b286855d1bd0b0c656098a"
    dependencies:
      lodash._getnative "^3.0.0"
      lodash.isarguments "^3.0.0"
      lodash.isarray "^3.0.0"
  
  lodash.keysin@^3.0.0:
    version "3.0.8"
    resolved "https://npm.modcam.io/lodash.keysin/-/lodash.keysin-3.0.8.tgz#22c4493ebbedb1427962a54b445b2c8a767fb47f"
    dependencies:
      lodash.isarguments "^3.0.0"
      lodash.isarray "^3.0.0"
  
  lodash.merge@^3.3.2:
    version "3.3.2"
    resolved "https://npm.modcam.io/lodash.merge/-/lodash.merge-3.3.2.tgz#0d90d93ed637b1878437bb3e21601260d7afe994"
    dependencies:
      lodash._arraycopy "^3.0.0"
      lodash._arrayeach "^3.0.0"
      lodash._createassigner "^3.0.0"
      lodash._getnative "^3.0.0"
      lodash.isarguments "^3.0.0"
      lodash.isarray "^3.0.0"
      lodash.isplainobject "^3.0.0"
      lodash.istypedarray "^3.0.0"
      lodash.keys "^3.0.0"
      lodash.keysin "^3.0.0"
      lodash.toplainobject "^3.0.0"
  
  lodash.omit@^3.1.0:
    version "3.1.0"
    resolved "https://npm.modcam.io/lodash.omit/-/lodash.omit-3.1.0.tgz#897fe382e6413d9ac97c61f78ed1e057a00af9f3"
    dependencies:
      lodash._arraymap "^3.0.0"
      lodash._basedifference "^3.0.0"
      lodash._baseflatten "^3.0.0"
      lodash._bindcallback "^3.0.0"
      lodash._pickbyarray "^3.0.0"
      lodash._pickbycallback "^3.0.0"
      lodash.keysin "^3.0.0"
      lodash.restparam "^3.0.0"
  
  lodash.pick@^3.1.0:
    version "3.1.0"
    resolved "https://npm.modcam.io/lodash.pick/-/lodash.pick-3.1.0.tgz#f252a855b2046b61bcd3904b26f76bd2efc65550"
    dependencies:
      lodash._baseflatten "^3.0.0"
      lodash._bindcallback "^3.0.0"
      lodash._pickbyarray "^3.0.0"
      lodash._pickbycallback "^3.0.0"
      lodash.restparam "^3.0.0"
  
  lodash.restparam@^3.0.0:
    version "3.6.1"
    resolved "https://npm.modcam.io/lodash.restparam/-/lodash.restparam-3.6.1.tgz#936a4e309ef330a7645ed4145986c85ae5b20805"
  
  lodash.toplainobject@^3.0.0:
    version "3.0.0"
    resolved "https://npm.modcam.io/lodash.toplainobject/-/lodash.toplainobject-3.0.0.tgz#28790ad942d293d78aa663a07ecf7f52ca04198d"
    dependencies:
      lodash._basecopy "^3.0.0"
      lodash.keysin "^3.0.0"
  
  lodash@^3.10.0, lodash@^3.3.1, lodash@^3.9.3:
    version "3.10.1"
    resolved "https://npm.modcam.io/lodash/-/lodash-3.10.1.tgz#5bf45e8e49ba4189e17d482789dfd15bd140b7b6"
  
  log@1.4.0:
    version "1.4.0"
    resolved "https://npm.modcam.io/log/-/log-1.4.0.tgz#4ba1d890fde249b031dca03bc37eaaf325656f1c"
  
  longest@^1.0.0, longest@^1.0.1:
    version "1.0.1"
    resolved "https://npm.modcam.io/longest/-/longest-1.0.1.tgz#30a0b2da38f73770e8294a0d22e6625ed77d0097"
  
  loud-rejection@^1.0.0:
    version "1.6.0"
    resolved "https://npm.modcam.io/loud-rejection/-/loud-rejection-1.6.0.tgz#5b46f80147edee578870f086d04821cf998e551f"
    dependencies:
      currently-unhandled "^0.4.1"
      signal-exit "^3.0.0"
  
  lowercase-keys@^1.0.0:
    version "1.0.0"
    resolved "https://npm.modcam.io/lowercase-keys/-/lowercase-keys-1.0.0.tgz#4e3366b39e7f5457e35f1324bdf6f88d0bfc7306"
  
  lpad-align@^1.0.1:
    version "1.1.2"
    resolved "https://npm.modcam.io/lpad-align/-/lpad-align-1.1.2.tgz#21f600ac1c3095c3c6e497ee67271ee08481fe9e"
    dependencies:
      get-stdin "^4.0.1"
      indent-string "^2.1.0"
      longest "^1.0.0"
      meow "^3.3.0"
  
  lru-cache@^4.0.1:
    version "4.1.1"
    resolved "https://npm.modcam.io/lru-cache/-/lru-cache-4.1.1.tgz#622e32e82488b49279114a4f9ecf45e7cd6bba55"
    dependencies:
      pseudomap "^1.0.2"
      yallist "^2.1.2"
  
  map-obj@^1.0.0, map-obj@^1.0.1:
    version "1.0.1"
    resolved "https://npm.modcam.io/map-obj/-/map-obj-1.0.1.tgz#d933ceb9205d82bdcf4886f6742bdc2b4dea146d"
  
  meow@^3.3.0, meow@^3.4.2:
    version "3.7.0"
    resolved "https://npm.modcam.io/meow/-/meow-3.7.0.tgz#72cb668b425228290abbfa856892587308a801fb"
    dependencies:
      camelcase-keys "^2.0.0"
      decamelize "^1.1.2"
      loud-rejection "^1.0.0"
      map-obj "^1.0.1"
      minimist "^1.1.3"
      normalize-package-data "^2.3.4"
      object-assign "^4.0.1"
      read-pkg-up "^1.0.1"
      redent "^1.0.0"
      trim-newlines "^1.0.0"
  
  "minimatch@2 || 3", minimatch@^3.0.0, minimatch@^3.0.4:
    version "3.0.4"
    resolved "https://npm.modcam.io/minimatch/-/minimatch-3.0.4.tgz#5166e286457f03306064be5497e8dbb0c3d32083"
    dependencies:
      brace-expansion "^1.1.7"
  
  minimatch@^2.0.3:
    version "2.0.10"
    resolved "https://npm.modcam.io/minimatch/-/minimatch-2.0.10.tgz#8d087c39c6b38c001b97fca7ce6d0e1e80afbac7"
    dependencies:
      brace-expansion "^1.0.0"
  
  minimist@0.0.8:
    version "0.0.8"
    resolved "https://npm.modcam.io/minimist/-/minimist-0.0.8.tgz#857fcabfc3397d2625b8228262e86aa7a011b05d"
  
  minimist@^1.1.0, minimist@^1.1.3, minimist@^1.2.0:
    version "1.2.0"
    resolved "https://npm.modcam.io/minimist/-/minimist-1.2.0.tgz#a35008b20f41383eec1fb914f4cd5df79a264284"
  
  minimist@~0.0.1:
    version "0.0.10"
    resolved "https://npm.modcam.io/minimist/-/minimist-0.0.10.tgz#de3f98543dbf96082be48ad1a0c7cda836301dcf"
  
  mkdirp@^0.5.0, mkdirp@^0.5.1:
    version "0.5.1"
    resolved "https://npm.modcam.io/mkdirp/-/mkdirp-0.5.1.tgz#30057438eac6cf7f8c4767f38648d6697d75c903"
    dependencies:
      minimist "0.0.8"
  
  ms@2.0.0:
    version "2.0.0"
    resolved "https://npm.modcam.io/ms/-/ms-2.0.0.tgz#5608aeadfc00be6c2901df5f9861788de0d597c8"
  
  mute-stream@0.0.5:
    version "0.0.5"
    resolved "https://npm.modcam.io/mute-stream/-/mute-stream-0.0.5.tgz#8fbfabb0a98a253d3184331f9e8deb7372fac6c0"
  
  nan@^2.0.5:
    version "2.7.0"
    resolved "https://npm.modcam.io/nan/-/nan-2.7.0.tgz#d95bf721ec877e08db276ed3fc6eb78f9083ad46"
  
  nan@~2.4.0:
    version "2.4.0"
    resolved "https://npm.modcam.io/nan/-/nan-2.4.0.tgz#fb3c59d45fe4effe215f0b890f8adf6eb32d2232"
  
  nested-error-stacks@^1.0.0:
    version "1.0.2"
    resolved "https://npm.modcam.io/nested-error-stacks/-/nested-error-stacks-1.0.2.tgz#19f619591519f096769a5ba9a86e6eeec823c3cf"
    dependencies:
      inherits "~2.0.1"
  
  normalize-package-data@^2.3.2, normalize-package-data@^2.3.4:
    version "2.4.0"
    resolved "https://npm.modcam.io/normalize-package-data/-/normalize-package-data-2.4.0.tgz#12f95a307d58352075a04907b84ac8be98ac012f"
    dependencies:
      hosted-git-info "^2.1.4"
      is-builtin-module "^1.0.0"
      semver "2 || 3 || 4 || 5"
      validate-npm-package-license "^3.0.1"
  
  number-is-nan@^1.0.0:
    version "1.0.1"
    resolved "https://npm.modcam.io/number-is-nan/-/number-is-nan-1.0.1.tgz#097b602b53422a522c1afb8790318336941a011d"
  
  object-assign@^3.0.0:
    version "3.0.0"
    resolved "https://npm.modcam.io/object-assign/-/object-assign-3.0.0.tgz#9bedd5ca0897949bca47e7ff408062d549f587f2"
  
  object-assign@^4.0.1, object-assign@^4.1.0:
    version "4.1.1"
    resolved "https://npm.modcam.io/object-assign/-/object-assign-4.1.1.tgz#2109adc7965887cfc05cbbd442cac8bfbb360863"
  
  once@^1.3.0, once@^1.4.0:
    version "1.4.0"
    resolved "https://npm.modcam.io/once/-/once-1.4.0.tgz#583b1aa775961d4b113ac17d9c50baef9dd76bd1"
    dependencies:
      wrappy "1"
  
  onetime@^1.0.0:
    version "1.1.0"
    resolved "https://npm.modcam.io/onetime/-/onetime-1.1.0.tgz#a1f7838f8314c516f05ecefcbc4ccfe04b4ed789"
  
  optimist@^0.6.1:
    version "0.6.1"
    resolved "https://npm.modcam.io/optimist/-/optimist-0.6.1.tgz#da3ea74686fa21a19a111c326e90eb15a0196686"
    dependencies:
      minimist "~0.0.1"
      wordwrap "~0.0.2"
  
  optionator@^0.6.0:
    version "0.6.0"
    resolved "https://npm.modcam.io/optionator/-/optionator-0.6.0.tgz#b63ecbbf0e315fad4bc9827b45dc7ba45284fcb6"
    dependencies:
      deep-is "~0.1.3"
      fast-levenshtein "~1.0.6"
      levn "~0.2.5"
      prelude-ls "~1.1.1"
      type-check "~0.3.1"
      wordwrap "~0.0.2"
  
  optionator@^0.8.1:
    version "0.8.2"
    resolved "https://npm.modcam.io/optionator/-/optionator-0.8.2.tgz#364c5e409d3f4d6301d6c0b4c05bba50180aeb64"
    dependencies:
      deep-is "~0.1.3"
      fast-levenshtein "~2.0.4"
      levn "~0.3.0"
      prelude-ls "~1.1.2"
      type-check "~0.3.2"
      wordwrap "~1.0.0"
  
  options@>=0.0.5:
    version "0.0.6"
    resolved "https://npm.modcam.io/options/-/options-0.0.6.tgz#ec22d312806bb53e731773e7cdaefcf1c643128f"
  
  os-homedir@^1.0.0:
    version "1.0.2"
    resolved "https://npm.modcam.io/os-homedir/-/os-homedir-1.0.2.tgz#ffbc4988336e0e833de0c168c7ef152121aa7fb3"
  
  os-locale@^1.4.0:
    version "1.4.0"
    resolved "https://npm.modcam.io/os-locale/-/os-locale-1.4.0.tgz#20f9f17ae29ed345e8bde583b13d2009803c14d9"
    dependencies:
      lcid "^1.0.0"
  
  os-tmpdir@^1.0.0, os-tmpdir@^1.0.1:
    version "1.0.2"
    resolved "https://npm.modcam.io/os-tmpdir/-/os-tmpdir-1.0.2.tgz#bbe67406c79aa85c5cfec766fe5734555dfa1274"
  
  osenv@^0.1.0:
    version "0.1.4"
    resolved "https://npm.modcam.io/osenv/-/osenv-0.1.4.tgz#42fe6d5953df06c8064be6f176c3d05aaaa34644"
    dependencies:
      os-homedir "^1.0.0"
      os-tmpdir "^1.0.0"
  
  output-file-sync@^1.1.0:
    version "1.1.2"
    resolved "https://npm.modcam.io/output-file-sync/-/output-file-sync-1.1.2.tgz#d0a33eefe61a205facb90092e826598d5245ce76"
    dependencies:
      graceful-fs "^4.1.4"
      mkdirp "^0.5.1"
      object-assign "^4.1.0"
  
  package-json@^1.0.0:
    version "1.2.0"
    resolved "https://npm.modcam.io/package-json/-/package-json-1.2.0.tgz#c8ecac094227cdf76a316874ed05e27cc939a0e0"
    dependencies:
      got "^3.2.0"
      registry-url "^3.0.0"
  
  parse-json@^2.2.0:
    version "2.2.0"
    resolved "https://npm.modcam.io/parse-json/-/parse-json-2.2.0.tgz#f480f40434ef80741f8469099f8dea18f55a4dc9"
    dependencies:
      error-ex "^1.2.0"
  
  parse-ms@^1.0.0:
    version "1.0.1"
    resolved "https://npm.modcam.io/parse-ms/-/parse-ms-1.0.1.tgz#56346d4749d78f23430ca0c713850aef91aa361d"
  
  path-exists@^1.0.0:
    version "1.0.0"
    resolved "https://npm.modcam.io/path-exists/-/path-exists-1.0.0.tgz#d5a8998eb71ef37a74c34eb0d9eba6e878eea081"
  
  path-exists@^2.0.0:
    version "2.1.0"
    resolved "https://npm.modcam.io/path-exists/-/path-exists-2.1.0.tgz#0feb6c64f0fc518d9a754dd5efb62c7022761f4b"
    dependencies:
      pinkie-promise "^2.0.0"
  
  path-is-absolute@^1.0.0:
    version "1.0.1"
    resolved "https://npm.modcam.io/path-is-absolute/-/path-is-absolute-1.0.1.tgz#174b9268735534ffbc7ace6bf53a5a9e1b5c5f5f"
  
  path-is-inside@^1.0.1:
    version "1.0.2"
    resolved "https://npm.modcam.io/path-is-inside/-/path-is-inside-1.0.2.tgz#365417dede44430d1c11af61027facf074bdfc53"
  
  path-parse@^1.0.5:
    version "1.0.5"
    resolved "https://npm.modcam.io/path-parse/-/path-parse-1.0.5.tgz#3c1adf871ea9cd6c9431b6ea2bd74a0ff055c4c1"
  
  path-type@^1.0.0:
    version "1.1.0"
    resolved "https://npm.modcam.io/path-type/-/path-type-1.1.0.tgz#59c44f7ee491da704da415da5a4070ba4f8fe441"
    dependencies:
      graceful-fs "^4.1.2"
      pify "^2.0.0"
      pinkie-promise "^2.0.0"
  
  pify@^2.0.0:
    version "2.3.0"
    resolved "https://npm.modcam.io/pify/-/pify-2.3.0.tgz#ed141a6ac043a849ea588498e7dca8b15330e90c"
  
  pinkie-promise@^1.0.0:
    version "1.0.0"
    resolved "https://npm.modcam.io/pinkie-promise/-/pinkie-promise-1.0.0.tgz#d1da67f5482563bb7cf57f286ae2822ecfbf3670"
    dependencies:
      pinkie "^1.0.0"
  
  pinkie-promise@^2.0.0:
    version "2.0.1"
    resolved "https://npm.modcam.io/pinkie-promise/-/pinkie-promise-2.0.1.tgz#2135d6dfa7a358c069ac9b178776288228450ffa"
    dependencies:
      pinkie "^2.0.0"
  
  pinkie@^1.0.0:
    version "1.0.0"
    resolved "https://npm.modcam.io/pinkie/-/pinkie-1.0.0.tgz#5a47f28ba1015d0201bda7bf0f358e47bec8c7e4"
  
  pinkie@^2.0.0:
    version "2.0.4"
    resolved "https://npm.modcam.io/pinkie/-/pinkie-2.0.4.tgz#72556b80cfa0d48a974e80e77248e80ed4f7f870"
  
  pkg-conf@^1.0.1:
    version "1.1.3"
    resolved "https://npm.modcam.io/pkg-conf/-/pkg-conf-1.1.3.tgz#378e56d6fd13e88bfb6f4a25df7a83faabddba5b"
    dependencies:
      find-up "^1.0.0"
      load-json-file "^1.1.0"
      object-assign "^4.0.1"
      symbol "^0.2.1"
  
  plur@^1.0.0:
    version "1.0.0"
    resolved "https://npm.modcam.io/plur/-/plur-1.0.0.tgz#db85c6814f5e5e5a3b49efc28d604fec62975156"
  
  plur@^2.0.0:
    version "2.1.2"
    resolved "https://npm.modcam.io/plur/-/plur-2.1.2.tgz#7482452c1a0f508e3e344eaec312c91c29dc655a"
    dependencies:
      irregular-plurals "^1.0.0"
  
  power-assert-context-formatter@^1.0.7:
    version "1.1.1"
    resolved "https://npm.modcam.io/power-assert-context-formatter/-/power-assert-context-formatter-1.1.1.tgz#edba352d3ed8a603114d667265acce60d689ccdf"
    dependencies:
      core-js "^2.0.0"
      power-assert-context-traversal "^1.1.1"
  
  power-assert-context-reducer-ast@^1.0.7:
    version "1.1.2"
    resolved "https://npm.modcam.io/power-assert-context-reducer-ast/-/power-assert-context-reducer-ast-1.1.2.tgz#484a99e26f4973ff8832e5c5cc756702e6094174"
    dependencies:
      acorn "^4.0.0"
      acorn-es7-plugin "^1.0.12"
      core-js "^2.0.0"
      espurify "^1.6.0"
      estraverse "^4.2.0"
  
  power-assert-context-traversal@^1.1.1:
    version "1.1.1"
    resolved "https://npm.modcam.io/power-assert-context-traversal/-/power-assert-context-traversal-1.1.1.tgz#88cabca0d13b6359f07d3d3e8afa699264577ed9"
    dependencies:
      core-js "^2.0.0"
      estraverse "^4.1.0"
  
  power-assert-formatter@^1.1.0:
    version "1.4.1"
    resolved "https://npm.modcam.io/power-assert-formatter/-/power-assert-formatter-1.4.1.tgz#5dc125ed50a3dfb1dda26c19347f3bf58ec2884a"
    dependencies:
      core-js "^2.0.0"
      power-assert-context-formatter "^1.0.7"
      power-assert-context-reducer-ast "^1.0.7"
      power-assert-renderer-assertion "^1.0.7"
      power-assert-renderer-comparison "^1.0.7"
      power-assert-renderer-diagram "^1.0.7"
      power-assert-renderer-file "^1.0.7"
  
  power-assert-renderer-assertion@^1.0.0, power-assert-renderer-assertion@^1.0.7:
    version "1.1.1"
    resolved "https://npm.modcam.io/power-assert-renderer-assertion/-/power-assert-renderer-assertion-1.1.1.tgz#cbfc0e77e0086a8f96af3f1d8e67b9ee7e28ce98"
    dependencies:
      power-assert-renderer-base "^1.1.1"
      power-assert-util-string-width "^1.1.1"
  
  power-assert-renderer-base@^1.1.1:
    version "1.1.1"
    resolved "https://npm.modcam.io/power-assert-renderer-base/-/power-assert-renderer-base-1.1.1.tgz#96a650c6fd05ee1bc1f66b54ad61442c8b3f63eb"
  
  power-assert-renderer-comparison@^1.0.0, power-assert-renderer-comparison@^1.0.7:
    version "1.1.1"
    resolved "https://npm.modcam.io/power-assert-renderer-comparison/-/power-assert-renderer-comparison-1.1.1.tgz#d7439d97d85156be4e30a00f2fb5a72514ce3c08"
    dependencies:
      core-js "^2.0.0"
      diff-match-patch "^1.0.0"
      power-assert-renderer-base "^1.1.1"
      stringifier "^1.3.0"
      type-name "^2.0.1"
  
  power-assert-renderer-diagram@^1.0.0, power-assert-renderer-diagram@^1.0.7, power-assert-renderer-diagram@^1.1.1:
    version "1.1.2"
    resolved "https://npm.modcam.io/power-assert-renderer-diagram/-/power-assert-renderer-diagram-1.1.2.tgz#655f8f711935a9b6d541b86327654717c637a986"
    dependencies:
      core-js "^2.0.0"
      power-assert-renderer-base "^1.1.1"
      power-assert-util-string-width "^1.1.1"
      stringifier "^1.3.0"
  
  power-assert-renderer-file@^1.0.0, power-assert-renderer-file@^1.0.7:
    version "1.1.1"
    resolved "https://npm.modcam.io/power-assert-renderer-file/-/power-assert-renderer-file-1.1.1.tgz#a37e2bbd178ccacd04e78dbb79c92fe34933c5e7"
    dependencies:
      power-assert-renderer-base "^1.1.1"
  
  power-assert-renderer-succinct@^1.0.0:
    version "1.1.1"
    resolved "https://npm.modcam.io/power-assert-renderer-succinct/-/power-assert-renderer-succinct-1.1.1.tgz#c2a468b23822abd6f80e2aba5322347b09df476e"
    dependencies:
      core-js "^2.0.0"
      power-assert-renderer-diagram "^1.1.1"
  
  power-assert-renderers@^0.1.0:
    version "0.1.1"
    resolved "https://npm.modcam.io/power-assert-renderers/-/power-assert-renderers-0.1.1.tgz#6a09e1c01e0ecf8faa6749401a7da2b0e0598107"
    dependencies:
      power-assert-renderer-assertion "^1.0.0"
      power-assert-renderer-comparison "^1.0.0"
      power-assert-renderer-diagram "^1.0.0"
      power-assert-renderer-file "^1.0.0"
      power-assert-renderer-succinct "^1.0.0"
  
  power-assert-util-string-width@^1.1.1:
    version "1.1.1"
    resolved "https://npm.modcam.io/power-assert-util-string-width/-/power-assert-util-string-width-1.1.1.tgz#be659eb7937fdd2e6c9a77268daaf64bd5b7c592"
    dependencies:
      eastasianwidth "^0.1.1"
  
  prelude-ls@~1.1.0, prelude-ls@~1.1.1, prelude-ls@~1.1.2:
    version "1.1.2"
    resolved "https://npm.modcam.io/prelude-ls/-/prelude-ls-1.1.2.tgz#21932a549f5e52ffd9a827f570e04be62a97da54"
  
  prepend-http@^1.0.0:
    version "1.0.4"
    resolved "https://npm.modcam.io/prepend-http/-/prepend-http-1.0.4.tgz#d4f4562b0ce3696e41ac52d0e002e57a635dc6dc"
  
  pretty-ms@^2.0.0:
    version "2.1.0"
    resolved "https://npm.modcam.io/pretty-ms/-/pretty-ms-2.1.0.tgz#4257c256df3fb0b451d6affaab021884126981dc"
    dependencies:
      is-finite "^1.0.1"
      parse-ms "^1.0.0"
      plur "^1.0.0"
  
  private@^0.1.6, private@~0.1.5:
    version "0.1.7"
    resolved "https://npm.modcam.io/private/-/private-0.1.7.tgz#68ce5e8a1ef0a23bb570cc28537b5332aba63ef1"
  
  process-nextick-args@~1.0.6:
    version "1.0.7"
    resolved "https://npm.modcam.io/process-nextick-args/-/process-nextick-args-1.0.7.tgz#150e20b756590ad3f91093f25a4f2ad8bff30ba3"
  
  proto-props@^0.2.0:
    version "0.2.1"
    resolved "https://npm.modcam.io/proto-props/-/proto-props-0.2.1.tgz#5e01dc2675a0de9abfa76e799dfa334d6f483f4b"
  
  pseudomap@^1.0.2:
    version "1.0.2"
    resolved "https://npm.modcam.io/pseudomap/-/pseudomap-1.0.2.tgz#f052a28da70e618917ef0a8ac34c1ae5a68286b3"
  
  q@^1.1.2:
    version "1.5.0"
    resolved "https://npm.modcam.io/q/-/q-1.5.0.tgz#dd01bac9d06d30e6f219aecb8253ee9ebdc308f1"
  
  rc@^1.0.1:
    version "1.2.1"
    resolved "https://npm.modcam.io/rc/-/rc-1.2.1.tgz#2e03e8e42ee450b8cb3dce65be1bf8974e1dfd95"
    dependencies:
      deep-extend "~0.4.0"
      ini "~1.3.0"
      minimist "^1.2.0"
      strip-json-comments "~2.0.1"
  
  read-all-stream@^3.0.0:
    version "3.1.0"
    resolved "https://npm.modcam.io/read-all-stream/-/read-all-stream-3.1.0.tgz#35c3e177f2078ef789ee4bfafa4373074eaef4fa"
    dependencies:
      pinkie-promise "^2.0.0"
      readable-stream "^2.0.0"
  
  read-pkg-up@^1.0.1:
    version "1.0.1"
    resolved "https://npm.modcam.io/read-pkg-up/-/read-pkg-up-1.0.1.tgz#9d63c13276c065918d57f002a57f40a1b643fb02"
    dependencies:
      find-up "^1.0.0"
      read-pkg "^1.0.0"
  
  read-pkg@^1.0.0:
    version "1.1.0"
    resolved "https://npm.modcam.io/read-pkg/-/read-pkg-1.1.0.tgz#f5ffaa5ecd29cb31c0474bca7d756b6bb29e3f28"
    dependencies:
      load-json-file "^1.0.0"
      normalize-package-data "^2.3.2"
      path-type "^1.0.0"
  
  readable-stream@^2.0.0, readable-stream@^2.2.2:
    version "2.3.3"
    resolved "https://npm.modcam.io/readable-stream/-/readable-stream-2.3.3.tgz#368f2512d79f9d46fdfc71349ae7878bbc1eb95c"
    dependencies:
      core-util-is "~1.0.0"
      inherits "~2.0.3"
      isarray "~1.0.0"
      process-nextick-args "~1.0.6"
      safe-buffer "~5.1.1"
      string_decoder "~1.0.3"
      util-deprecate "~1.0.1"
  
  readline2@^1.0.1:
    version "1.0.1"
    resolved "https://npm.modcam.io/readline2/-/readline2-1.0.1.tgz#41059608ffc154757b715d9989d199ffbf372e35"
    dependencies:
      code-point-at "^1.0.0"
      is-fullwidth-code-point "^1.0.0"
      mute-stream "0.0.5"
  
  recast@0.10.33:
    version "0.10.33"
    resolved "https://npm.modcam.io/recast/-/recast-0.10.33.tgz#942808f7aa016f1fa7142c461d7e5704aaa8d697"
    dependencies:
      ast-types "0.8.12"
      esprima-fb "~15001.1001.0-dev-harmony-fb"
      private "~0.1.5"
      source-map "~0.5.0"
  
  recast@^0.10.10:
    version "0.10.43"
    resolved "https://npm.modcam.io/recast/-/recast-0.10.43.tgz#b95d50f6d60761a5f6252e15d80678168491ce7f"
    dependencies:
      ast-types "0.8.15"
      esprima-fb "~15001.1001.0-dev-harmony-fb"
      private "~0.1.5"
      source-map "~0.5.0"
  
  recast@^0.11.17:
    version "0.11.23"
    resolved "https://npm.modcam.io/recast/-/recast-0.11.23.tgz#451fd3004ab1e4df9b4e4b66376b2a21912462d3"
    dependencies:
      ast-types "0.9.6"
      esprima "~3.1.0"
      private "~0.1.5"
      source-map "~0.5.0"
  
  redent@^1.0.0:
    version "1.0.0"
    resolved "https://npm.modcam.io/redent/-/redent-1.0.0.tgz#cf916ab1fd5f1f16dfb20822dd6ec7f730c2afde"
    dependencies:
      indent-string "^2.1.0"
      strip-indent "^1.0.1"
  
  redis-commands@^1.2.0:
    version "1.3.1"
    resolved "https://npm.modcam.io/redis-commands/-/redis-commands-1.3.1.tgz#81d826f45fa9c8b2011f4cd7a0fe597d241d442b"
  
  redis-parser@^2.6.0:
    version "2.6.0"
    resolved "https://npm.modcam.io/redis-parser/-/redis-parser-2.6.0.tgz#52ed09dacac108f1a631c07e9b69941e7a19504b"
  
  redis@^2.3.1:
    version "2.8.0"
    resolved "https://npm.modcam.io/redis/-/redis-2.8.0.tgz#202288e3f58c49f6079d97af7a10e1303ae14b02"
    dependencies:
      double-ended-queue "^2.1.0-0"
      redis-commands "^1.2.0"
      redis-parser "^2.6.0"
  
  regenerate@^1.2.1:
    version "1.3.2"
    resolved "https://npm.modcam.io/regenerate/-/regenerate-1.3.2.tgz#d1941c67bad437e1be76433add5b385f95b19260"
  
  regenerator@0.8.40:
    version "0.8.40"
    resolved "https://npm.modcam.io/regenerator/-/regenerator-0.8.40.tgz#a0e457c58ebdbae575c9f8cd75127e93756435d8"
    dependencies:
      commoner "~0.10.3"
      defs "~1.1.0"
      esprima-fb "~15001.1001.0-dev-harmony-fb"
      private "~0.1.5"
      recast "0.10.33"
      through "~2.3.8"
  
  regexpu@^1.3.0:
    version "1.3.0"
    resolved "https://npm.modcam.io/regexpu/-/regexpu-1.3.0.tgz#e534dc991a9e5846050c98de6d7dd4a55c9ea16d"
    dependencies:
      esprima "^2.6.0"
      recast "^0.10.10"
      regenerate "^1.2.1"
      regjsgen "^0.2.0"
      regjsparser "^0.1.4"
  
  registry-url@^3.0.0:
    version "3.1.0"
    resolved "https://npm.modcam.io/registry-url/-/registry-url-3.1.0.tgz#3d4ef870f73dde1d77f0cf9a381432444e174942"
    dependencies:
      rc "^1.0.1"
  
  regjsgen@^0.2.0:
    version "0.2.0"
    resolved "https://npm.modcam.io/regjsgen/-/regjsgen-0.2.0.tgz#6c016adeac554f75823fe37ac05b92d5a4edb1f7"
  
  regjsparser@^0.1.4:
    version "0.1.5"
    resolved "https://npm.modcam.io/regjsparser/-/regjsparser-0.1.5.tgz#7ee8f84dc6fa792d3fd0ae228d24bd949ead205c"
    dependencies:
      jsesc "~0.5.0"
  
  repeat-string@^1.5.2:
    version "1.6.1"
    resolved "https://npm.modcam.io/repeat-string/-/repeat-string-1.6.1.tgz#8dcae470e1c88abc2d600fff4a776286da75e637"
  
  repeating@^1.1.0, repeating@^1.1.2:
    version "1.1.3"
    resolved "https://npm.modcam.io/repeating/-/repeating-1.1.3.tgz#3d4114218877537494f97f77f9785fab810fa4ac"
    dependencies:
      is-finite "^1.0.0"
  
  repeating@^2.0.0:
    version "2.0.1"
    resolved "https://npm.modcam.io/repeating/-/repeating-2.0.1.tgz#5214c53a926d3552707527fbab415dbc08d06dda"
    dependencies:
      is-finite "^1.0.0"
  
  resolve-from@^1.0.0, resolve-from@^1.0.1:
    version "1.0.1"
    resolved "https://npm.modcam.io/resolve-from/-/resolve-from-1.0.1.tgz#26cbfe935d1aeeeabb29bc3fe5aeb01e93d44226"
  
  resolve@^1.1.6:
    version "1.4.0"
    resolved "https://npm.modcam.io/resolve/-/resolve-1.4.0.tgz#a75be01c53da25d934a98ebd0e4c4a7312f92a86"
    dependencies:
      path-parse "^1.0.5"
  
  restore-cursor@^1.0.1:
    version "1.0.1"
    resolved "https://npm.modcam.io/restore-cursor/-/restore-cursor-1.0.1.tgz#34661f46886327fed2991479152252df92daa541"
    dependencies:
      exit-hook "^1.0.0"
      onetime "^1.0.0"
  
  right-align@^0.1.1:
    version "0.1.3"
    resolved "https://npm.modcam.io/right-align/-/right-align-0.1.3.tgz#61339b722fe6a3515689210d24e14c96148613ef"
    dependencies:
      align-text "^0.1.1"
  
  rimraf@^2.2.8:
    version "2.6.1"
    resolved "https://npm.modcam.io/rimraf/-/rimraf-2.6.1.tgz#c2338ec643df7a1b7fe5c54fa86f57428a55f33d"
    dependencies:
      glob "^7.0.5"
  
  run-async@^0.1.0:
    version "0.1.0"
    resolved "https://npm.modcam.io/run-async/-/run-async-0.1.0.tgz#c8ad4a5e110661e402a7d21b530e009f25f8e389"
    dependencies:
      once "^1.3.0"
  
  rx-lite@^3.1.2:
    version "3.1.2"
    resolved "https://npm.modcam.io/rx-lite/-/rx-lite-3.1.2.tgz#19ce502ca572665f3b647b10939f97fd1615f102"
  
  safe-buffer@~5.1.0, safe-buffer@~5.1.1:
    version "5.1.1"
    resolved "https://npm.modcam.io/safe-buffer/-/safe-buffer-5.1.1.tgz#893312af69b2123def71f57889001671eeb2c853"
  
  semver-diff@^2.0.0:
    version "2.1.0"
    resolved "https://npm.modcam.io/semver-diff/-/semver-diff-2.1.0.tgz#4bbb8437c8d37e4b0cf1a68fd726ec6d645d6d36"
    dependencies:
      semver "^5.0.3"
  
  "semver@2 || 3 || 4 || 5", semver@^5.0.3:
    version "5.4.1"
    resolved "https://npm.modcam.io/semver/-/semver-5.4.1.tgz#e059c09d8571f0540823733433505d3a2f00b18e"
  
  semver@~5.0.1:
    version "5.0.3"
    resolved "https://npm.modcam.io/semver/-/semver-5.0.3.tgz#77466de589cd5d3c95f138aa78bc569a3cb5d27a"
  
  set-immediate-shim@^1.0.1:
    version "1.0.1"
    resolved "https://npm.modcam.io/set-immediate-shim/-/set-immediate-shim-1.0.1.tgz#4b2b1b27eb808a9f8dcc481a58e5e56f599f3f61"
  
  shebang-regex@^1.0.0:
    version "1.0.0"
    resolved "https://npm.modcam.io/shebang-regex/-/shebang-regex-1.0.0.tgz#da42f49740c0b42db2ca9728571cb190c98efea3"
  
  shelljs@^0.5.3:
    version "0.5.3"
    resolved "https://npm.modcam.io/shelljs/-/shelljs-0.5.3.tgz#c54982b996c76ef0c1e6b59fbdc5825f5b713113"
  
  signal-exit@^3.0.0:
    version "3.0.2"
    resolved "https://npm.modcam.io/signal-exit/-/signal-exit-3.0.2.tgz#b5fdc08f1287ea1178628e415e25132b73646c6d"
  
  simple-fmt@~0.1.0:
    version "0.1.0"
    resolved "https://npm.modcam.io/simple-fmt/-/simple-fmt-0.1.0.tgz#191bf566a59e6530482cb25ab53b4a8dc85c3a6b"
  
  simple-is@~0.2.0:
    version "0.2.0"
    resolved "https://npm.modcam.io/simple-is/-/simple-is-0.2.0.tgz#2abb75aade39deb5cc815ce10e6191164850baf0"
  
  slack-client@^1.4.1:
    version "1.5.1"
    resolved "https://npm.modcam.io/slack-client/-/slack-client-1.5.1.tgz#60ba260deae63b6f53bf432bbad678af056369d6"
    dependencies:
      coffee-script "~1.9.3"
      https-proxy-agent "1.0.0"
      log "1.4.0"
      ws "0.8.1"
  
  slash@^1.0.0:
    version "1.0.0"
    resolved "https://npm.modcam.io/slash/-/slash-1.0.0.tgz#c41f2f6c39fc16d1cd17ad4b5d896114ae470d55"
  
  slide@^1.1.5:
    version "1.1.6"
    resolved "https://npm.modcam.io/slide/-/slide-1.1.6.tgz#56eb027d65b4d2dce6cb2e2d32c4d4afc9e1d707"
  
  sort-keys@^1.1.1:
    version "1.1.2"
    resolved "https://npm.modcam.io/sort-keys/-/sort-keys-1.1.2.tgz#441b6d4d346798f1b4e49e8920adfba0e543f9ad"
    dependencies:
      is-plain-obj "^1.0.0"
  
  source-map-support@^0.2.10:
    version "0.2.10"
    resolved "https://npm.modcam.io/source-map-support/-/source-map-support-0.2.10.tgz#ea5a3900a1c1cb25096a0ae8cc5c2b4b10ded3dc"
    dependencies:
      source-map "0.1.32"
  
  source-map@0.1.32:
    version "0.1.32"
    resolved "https://npm.modcam.io/source-map/-/source-map-0.1.32.tgz#c8b6c167797ba4740a8ea33252162ff08591b266"
    dependencies:
      amdefine ">=0.0.4"
  
  source-map@^0.4.4:
    version "0.4.4"
    resolved "https://npm.modcam.io/source-map/-/source-map-0.4.4.tgz#eba4f5da9c0dc999de68032d8b4f76173652036b"
    dependencies:
      amdefine ">=0.0.4"
  
  source-map@^0.5.0, source-map@~0.5.0, source-map@~0.5.1:
    version "0.5.7"
    resolved "https://npm.modcam.io/source-map/-/source-map-0.5.7.tgz#8a039d2d1021d22d1ea14c80d8ea468ba2ef3fcc"
  
  source-map@~0.2.0:
    version "0.2.0"
    resolved "https://npm.modcam.io/source-map/-/source-map-0.2.0.tgz#dab73fbcfc2ba819b4de03bd6f6eaa48164b3f9d"
    dependencies:
      amdefine ">=0.0.4"
  
  spdx-correct@~1.0.0:
    version "1.0.2"
    resolved "https://npm.modcam.io/spdx-correct/-/spdx-correct-1.0.2.tgz#4b3073d933ff51f3912f03ac5519498a4150db40"
    dependencies:
      spdx-license-ids "^1.0.2"
  
  spdx-expression-parse@~1.0.0:
    version "1.0.4"
    resolved "https://npm.modcam.io/spdx-expression-parse/-/spdx-expression-parse-1.0.4.tgz#9bdf2f20e1f40ed447fbe273266191fced51626c"
  
  spdx-license-ids@^1.0.2:
    version "1.2.2"
    resolved "https://npm.modcam.io/spdx-license-ids/-/spdx-license-ids-1.2.2.tgz#c9df7a3424594ade6bd11900d596696dc06bac57"
  
  sprintf-js@~1.0.2:
    version "1.0.3"
    resolved "https://npm.modcam.io/sprintf-js/-/sprintf-js-1.0.3.tgz#04e6926f662895354f3dd015203633b857297e2c"
  
  squeak@^1.2.0:
    version "1.3.0"
    resolved "https://npm.modcam.io/squeak/-/squeak-1.3.0.tgz#33045037b64388b567674b84322a6521073916c3"
    dependencies:
      chalk "^1.0.0"
      console-stream "^0.1.1"
      lpad-align "^1.0.1"
  
  stable@~0.1.3:
    version "0.1.6"
    resolved "https://npm.modcam.io/stable/-/stable-0.1.6.tgz#910f5d2aed7b520c6e777499c1f32e139fdecb10"
  
  stream-shift@^1.0.0:
    version "1.0.0"
    resolved "https://npm.modcam.io/stream-shift/-/stream-shift-1.0.0.tgz#d5c752825e5367e786f78e18e445ea223a155952"
  
  string-length@^1.0.0:
    version "1.0.1"
    resolved "https://npm.modcam.io/string-length/-/string-length-1.0.1.tgz#56970fb1c38558e9e70b728bf3de269ac45adfac"
    dependencies:
      strip-ansi "^3.0.0"
  
  string-width@^1.0.1:
    version "1.0.2"
    resolved "https://npm.modcam.io/string-width/-/string-width-1.0.2.tgz#118bdf5b8cdc51a2a7e70d211e07e2b0b9b107d3"
    dependencies:
      code-point-at "^1.0.0"
      is-fullwidth-code-point "^1.0.0"
      strip-ansi "^3.0.0"
  
  string_decoder@~1.0.3:
    version "1.0.3"
    resolved "https://npm.modcam.io/string_decoder/-/string_decoder-1.0.3.tgz#0fc67d7c141825de94282dd536bec6b9bce860ab"
    dependencies:
      safe-buffer "~5.1.0"
  
  stringifier@^1.3.0:
    version "1.3.0"
    resolved "https://npm.modcam.io/stringifier/-/stringifier-1.3.0.tgz#def18342f6933db0f2dbfc9aa02175b448c17959"
    dependencies:
      core-js "^2.0.0"
      traverse "^0.6.6"
      type-name "^2.0.1"
  
  stringmap@~0.2.2:
    version "0.2.2"
    resolved "https://npm.modcam.io/stringmap/-/stringmap-0.2.2.tgz#556c137b258f942b8776f5b2ef582aa069d7d1b1"
  
  stringset@~0.2.1:
    version "0.2.1"
    resolved "https://npm.modcam.io/stringset/-/stringset-0.2.1.tgz#ef259c4e349344377fcd1c913dd2e848c9c042b5"
  
  strip-ansi@^3.0.0:
    version "3.0.1"
    resolved "https://npm.modcam.io/strip-ansi/-/strip-ansi-3.0.1.tgz#6a385fb8853d952d5ff05d0e8aaf94278dc63dcf"
    dependencies:
      ansi-regex "^2.0.0"
  
  strip-bom@^2.0.0:
    version "2.0.0"
    resolved "https://npm.modcam.io/strip-bom/-/strip-bom-2.0.0.tgz#6219a85616520491f35788bdbf1447a99c7e6b0e"
    dependencies:
      is-utf8 "^0.2.0"
  
  strip-indent@^1.0.1:
    version "1.0.1"
    resolved "https://npm.modcam.io/strip-indent/-/strip-indent-1.0.1.tgz#0c7962a6adefa7bbd4ac366460a638552ae1a0a2"
    dependencies:
      get-stdin "^4.0.1"
  
  strip-json-comments@~1.0.1:
    version "1.0.4"
    resolved "https://npm.modcam.io/strip-json-comments/-/strip-json-comments-1.0.4.tgz#1e15fbcac97d3ee99bf2d73b4c656b082bbafb91"
  
  strip-json-comments@~2.0.1:
    version "2.0.1"
    resolved "https://npm.modcam.io/strip-json-comments/-/strip-json-comments-2.0.1.tgz#3c531942e908c2697c0ec344858c286c7ca0a60a"
  
  supports-color@^2.0.0:
    version "2.0.0"
    resolved "https://npm.modcam.io/supports-color/-/supports-color-2.0.0.tgz#535d045ce6b6363fa40117084629995e9df324c7"
  
  symbol@^0.2.1:
    version "0.2.3"
    resolved "https://npm.modcam.io/symbol/-/symbol-0.2.3.tgz#3b9873b8a901e47c6efe21526a3ac372ef28bbc7"
  
  text-table@~0.2.0:
    version "0.2.0"
    resolved "https://npm.modcam.io/text-table/-/text-table-0.2.0.tgz#7f5ee823ae805207c00af2df4a84ec3fcfa570b4"
  
  the-argv@^1.0.0:
    version "1.0.0"
    resolved "https://npm.modcam.io/the-argv/-/the-argv-1.0.0.tgz#0084705005730dd84db755253c931ae398db9522"
  
  through@^2.3.6, through@~2.3.8:
    version "2.3.8"
    resolved "https://npm.modcam.io/through/-/through-2.3.8.tgz#0dd4c9ffaabc357960b1b724115d7e0e86a2e1f5"
  
  timed-out@^2.0.0:
    version "2.0.0"
    resolved "https://npm.modcam.io/timed-out/-/timed-out-2.0.0.tgz#f38b0ae81d3747d628001f41dafc652ace671c0a"
  
  to-fast-properties@^1.0.0:
    version "1.0.3"
    resolved "https://npm.modcam.io/to-fast-properties/-/to-fast-properties-1.0.3.tgz#b83571fa4d8c25b82e231b06e3a3055de4ca1a47"
  
  traverse@^0.6.6:
    version "0.6.6"
    resolved "https://npm.modcam.io/traverse/-/traverse-0.6.6.tgz#cbdf560fd7b9af632502fed40f918c157ea97137"
  
  trim-newlines@^1.0.0:
    version "1.0.0"
    resolved "https://npm.modcam.io/trim-newlines/-/trim-newlines-1.0.0.tgz#5887966bb582a4503a41eb524f7d35011815a613"
  
  trim-right@^1.0.0:
    version "1.0.1"
    resolved "https://npm.modcam.io/trim-right/-/trim-right-1.0.1.tgz#cb2e1203067e0c8de1f614094b9fe45704ea6003"
  
  try-resolve@^1.0.0:
    version "1.0.1"
    resolved "https://npm.modcam.io/try-resolve/-/try-resolve-1.0.1.tgz#cfde6fabd72d63e5797cfaab873abbe8e700e912"
  
  tryit@^1.0.1:
    version "1.0.3"
    resolved "https://npm.modcam.io/tryit/-/tryit-1.0.3.tgz#393be730a9446fd1ead6da59a014308f36c289cb"
  
  tryor@~0.1.2:
    version "0.1.2"
    resolved "https://npm.modcam.io/tryor/-/tryor-0.1.2.tgz#8145e4ca7caff40acde3ccf946e8b8bb75b4172b"
  
  type-check@~0.3.1, type-check@~0.3.2:
    version "0.3.2"
    resolved "https://npm.modcam.io/type-check/-/type-check-0.3.2.tgz#5884cab512cf1d355e3fb784f30804b2b520db72"
    dependencies:
      prelude-ls "~1.1.2"
  
  type-name@^1.0.1:
    version "1.1.0"
    resolved "https://npm.modcam.io/type-name/-/type-name-1.1.0.tgz#ad9c3f7c330f5b2f08de7d79f56d2b9451e42b0e"
  
  type-name@^2.0.1:
    version "2.0.2"
    resolved "https://npm.modcam.io/type-name/-/type-name-2.0.2.tgz#efe7d4123d8ac52afff7f40c7e4dec5266008fb4"
  
  typedarray@^0.0.6:
    version "0.0.6"
    resolved "https://npm.modcam.io/typedarray/-/typedarray-0.0.6.tgz#867ac74e3864187b1d3d47d996a78ec5c8830777"
  
  uglify-js@^2.6:
    version "2.8.29"
    resolved "https://npm.modcam.io/uglify-js/-/uglify-js-2.8.29.tgz#29c5733148057bb4e1f75df35b7a9cb72e6a59dd"
    dependencies:
      source-map "~0.5.1"
      yargs "~3.10.0"
    optionalDependencies:
      uglify-to-browserify "~1.0.0"
  
  uglify-to-browserify@~1.0.0:
    version "1.0.2"
    resolved "https://npm.modcam.io/uglify-to-browserify/-/uglify-to-browserify-1.0.2.tgz#6e0924d6bda6b5afe349e39a6d632850a0f882b7"
  
  ultron@1.0.x:
    version "1.0.2"
    resolved "https://npm.modcam.io/ultron/-/ultron-1.0.2.tgz#ace116ab557cd197386a4e88f4685378c8b2e4fa"
  
  update-notifier@^0.5.0:
    version "0.5.0"
    resolved "https://npm.modcam.io/update-notifier/-/update-notifier-0.5.0.tgz#07b5dc2066b3627ab3b4f530130f7eddda07a4cc"
    dependencies:
      chalk "^1.0.0"
      configstore "^1.0.0"
      is-npm "^1.0.0"
      latest-version "^1.0.0"
      repeating "^1.1.2"
      semver-diff "^2.0.0"
      string-length "^1.0.0"
  
  user-home@^1.1.1:
    version "1.1.1"
    resolved "https://npm.modcam.io/user-home/-/user-home-1.1.1.tgz#2b5be23a32b63a7c9deb8d0f28d485724a3df190"
  
  user-home@^2.0.0:
    version "2.0.0"
    resolved "https://npm.modcam.io/user-home/-/user-home-2.0.0.tgz#9c70bfd8169bc1dcbf48604e0f04b8b49cde9e9f"
    dependencies:
      os-homedir "^1.0.0"
  
  utf-8-validate@1.2.x:
    version "1.2.2"
    resolved "https://npm.modcam.io/utf-8-validate/-/utf-8-validate-1.2.2.tgz#8bb871a4741e085c70487ca7acdbd7d6d36029eb"
    dependencies:
      bindings "~1.2.1"
      nan "~2.4.0"
  
  util-deprecate@~1.0.1:
    version "1.0.2"
    resolved "https://npm.modcam.io/util-deprecate/-/util-deprecate-1.0.2.tgz#450d4dc9fa70de732762fbd2d4a28981419a0ccf"
  
  uuid@^2.0.1:
    version "2.0.3"
    resolved "https://npm.modcam.io/uuid/-/uuid-2.0.3.tgz#67e2e863797215530dff318e5bf9dcebfd47b21a"
  
  validate-npm-package-license@^3.0.1:
    version "3.0.1"
    resolved "https://npm.modcam.io/validate-npm-package-license/-/validate-npm-package-license-3.0.1.tgz#2804babe712ad3379459acfbe24746ab2c303fbc"
    dependencies:
      spdx-correct "~1.0.0"
      spdx-expression-parse "~1.0.0"
  
  which@^1.2.9:
    version "1.3.0"
    resolved "https://npm.modcam.io/which/-/which-1.3.0.tgz#ff04bdfc010ee547d780bec38e1ac1c2777d253a"
    dependencies:
      isexe "^2.0.0"
  
  window-size@0.1.0:
    version "0.1.0"
    resolved "https://npm.modcam.io/window-size/-/window-size-0.1.0.tgz#5438cd2ea93b202efa3a19fe8887aee7c94f9c9d"
  
  window-size@^0.1.2:
    version "0.1.4"
    resolved "https://npm.modcam.io/window-size/-/window-size-0.1.4.tgz#f8e1aa1ee5a53ec5bf151ffa09742a6ad7697876"
  
  wordwrap@0.0.2:
    version "0.0.2"
    resolved "https://npm.modcam.io/wordwrap/-/wordwrap-0.0.2.tgz#b79669bb42ecb409f83d583cad52ca17eaa1643f"
  
  wordwrap@~0.0.2:
    version "0.0.3"
    resolved "https://npm.modcam.io/wordwrap/-/wordwrap-0.0.3.tgz#a3d5da6cd5c0bc0008d37234bbaf1bed63059107"
  
  wordwrap@~1.0.0:
    version "1.0.0"
    resolved "https://npm.modcam.io/wordwrap/-/wordwrap-1.0.0.tgz#27584810891456a4171c8d0226441ade90cbcaeb"
  
  wrappy@1:
    version "1.0.2"
    resolved "https://npm.modcam.io/wrappy/-/wrappy-1.0.2.tgz#b5243d8f3ec1aa35f1364605bc0d1036e30ab69f"
  
  write-file-atomic@^1.1.2:
    version "1.3.4"
    resolved "https://npm.modcam.io/write-file-atomic/-/write-file-atomic-1.3.4.tgz#f807a4f0b1d9e913ae7a48112e6cc3af1991b45f"
    dependencies:
      graceful-fs "^4.1.11"
      imurmurhash "^0.1.4"
      slide "^1.1.5"
  
  write-json-file@^1.1.0:
    version "1.2.0"
    resolved "https://npm.modcam.io/write-json-file/-/write-json-file-1.2.0.tgz#2d5dfe96abc3c889057c93971aa4005efb548134"
    dependencies:
      graceful-fs "^4.1.2"
      mkdirp "^0.5.1"
      object-assign "^4.0.1"
      pify "^2.0.0"
      pinkie-promise "^2.0.0"
      sort-keys "^1.1.1"
      write-file-atomic "^1.1.2"
  
  write-pkg@^1.0.0:
    version "1.0.0"
    resolved "https://npm.modcam.io/write-pkg/-/write-pkg-1.0.0.tgz#aeb8aa9d4d788e1d893dfb0854968b543a919f57"
    dependencies:
      write-json-file "^1.1.0"
  
  write@^0.2.1:
    version "0.2.1"
    resolved "https://npm.modcam.io/write/-/write-0.2.1.tgz#5fc03828e264cea3fe91455476f7a3c566cb0757"
    dependencies:
      mkdirp "^0.5.1"
  
  ws@0.8.1:
    version "0.8.1"
    resolved "https://npm.modcam.io/ws/-/ws-0.8.1.tgz#6b65273b99193c5f067a4cf5809598f777e3b759"
    dependencies:
      options ">=0.0.5"
      ultron "1.0.x"
    optionalDependencies:
      bufferutil "1.2.x"
      utf-8-validate "1.2.x"
  
  xdg-basedir@^2.0.0:
    version "2.0.0"
    resolved "https://npm.modcam.io/xdg-basedir/-/xdg-basedir-2.0.0.tgz#edbc903cc385fc04523d966a335504b5504d1bd2"
    dependencies:
      os-homedir "^1.0.0"
  
  xml-escape@~1.0.0:
    version "1.0.0"
    resolved "https://npm.modcam.io/xml-escape/-/xml-escape-1.0.0.tgz#00963d697b2adf0c185c4e04e73174ba9b288eb2"
  
  xo-init@^0.3.0:
    version "0.3.6"
    resolved "https://npm.modcam.io/xo-init/-/xo-init-0.3.6.tgz#f40c8f3304bd9d8b1381930987b178c9f141fc11"
    dependencies:
      arrify "^1.0.0"
      minimist "^1.1.3"
      path-exists "^2.0.0"
      pify "^2.0.0"
      pinkie-promise "^2.0.0"
      read-pkg-up "^1.0.1"
      the-argv "^1.0.0"
      write-pkg "^1.0.0"
  
  xo@^0.10.0:
    version "0.10.1"
    resolved "https://npm.modcam.io/xo/-/xo-0.10.1.tgz#14b938193f68fbc86042378e2a2508a06ea9b265"
    dependencies:
      arrify "^1.0.0"
      babel-eslint "^4.1.1"
      deep-assign "^1.0.0"
      eslint "^1.7.3"
      eslint-config-xo "^0.7.0"
      eslint-plugin-babel "^2.1.1"
      eslint-plugin-no-empty-blocks "0.0.2"
      eslint-plugin-no-use-extend-native "^0.1.5"
      get-stdin "^5.0.0"
      globby "^3.0.0"
      meow "^3.4.2"
      object-assign "^4.0.1"
      pkg-conf "^1.0.1"
      resolve-from "^1.0.1"
      update-notifier "^0.5.0"
      xo-init "^0.3.0"
  
  xtend@^4.0.0:
    version "4.0.1"
    resolved "https://npm.modcam.io/xtend/-/xtend-4.0.1.tgz#a5c6d532be656e23db820efb943a1f04998d63af"
  
  y18n@^3.2.0:
    version "3.2.1"
    resolved "https://npm.modcam.io/y18n/-/y18n-3.2.1.tgz#6d15fba884c08679c0d77e88e7759e811e07fa41"
  
  yallist@^2.1.2:
    version "2.1.2"
    resolved "https://npm.modcam.io/yallist/-/yallist-2.1.2.tgz#1c11f9218f076089a47dd512f93c6699a6a81d52"
  
  yargs@~3.10.0:
    version "3.10.0"
    resolved "https://npm.modcam.io/yargs/-/yargs-3.10.0.tgz#f7ee7bd857dd7c1d2d38c0e74efbd681d1431fd1"
    dependencies:
      camelcase "^1.0.2"
      cliui "^2.1.0"
      decamelize "^1.0.0"
      window-size "0.1.0"
  
  yargs@~3.27.0:
    version "3.27.0"
    resolved "https://npm.modcam.io/yargs/-/yargs-3.27.0.tgz#21205469316e939131d59f2da0c6d7f98221ea40"
    dependencies:
      camelcase "^1.2.1"
      cliui "^2.1.0"
      decamelize "^1.0.0"
      os-locale "^1.4.0"
      window-size "^0.1.2"
      y18n "^3.2.0"

Trace: 
  SyntaxError: /Users/lilg/Develop/bubben/package.json: Unexpected token } in JSON at position 435
      at Object.parse (native)
      at /usr/local/Cellar/yarn/0.27.5/libexec/lib/yarn-cli.js:747:57
      at next (native)
      at step (/usr/local/Cellar/yarn/0.27.5/libexec/lib/yarn-cli.js:91:30)
      at /usr/local/Cellar/yarn/0.27.5/libexec/lib/yarn-cli.js:102:13
      at run (/usr/local/Cellar/yarn/0.27.5/libexec/lib/yarn-cli.js:87239:22)
      at /usr/local/Cellar/yarn/0.27.5/libexec/lib/yarn-cli.js:87252:28
      at flush (/usr/local/Cellar/yarn/0.27.5/libexec/lib/yarn-cli.js:86710:9)
      at _combinedTickCallback (internal/process/next_tick.js:67:7)
      at process._tickCallback (internal/process/next_tick.js:98:9)
